{"/Users/willtroisi/Coding Projects/CS482/Team-REPO-CS482Fabrizio-G-Zoe-W-Will-T-Dylan-/DBConnection.js": {"path":"/Users/willtroisi/Coding Projects/CS482/Team-REPO-CS482Fabrizio-G-Zoe-W-Will-T-Dylan-/DBConnection.js","statementMap":{"0":{"start":{"line":1,"column":17},"end":{"line":1,"column":36}},"1":{"start":{"line":3,"column":0},"end":{"line":10,"column":5}},"2":{"start":{"line":4,"column":14},"end":{"line":4,"column":32}},"3":{"start":{"line":5,"column":4},"end":{"line":5,"column":52}},"4":{"start":{"line":5,"column":23},"end":{"line":5,"column":52}},"5":{"start":{"line":6,"column":4},"end":{"line":6,"column":26}},"6":{"start":{"line":7,"column":4},"end":{"line":9,"column":71}},"7":{"start":{"line":8,"column":20},"end":{"line":8,"column":55}},"8":{"start":{"line":9,"column":22},"end":{"line":9,"column":69}},"9":{"start":{"line":11,"column":0},"end":{"line":13,"column":1}},"10":{"start":{"line":12,"column":4},"end":{"line":12,"column":38}}},"fnMap":{"0":{"name":"(anonymous_0)","decl":{"start":{"line":3,"column":18},"end":{"line":3,"column":19}},"loc":{"start":{"line":3,"column":39},"end":{"line":10,"column":5}},"line":3},"1":{"name":"(anonymous_1)","decl":{"start":{"line":8,"column":14},"end":{"line":8,"column":15}},"loc":{"start":{"line":8,"column":20},"end":{"line":8,"column":55}},"line":8},"2":{"name":"(anonymous_2)","decl":{"start":{"line":9,"column":15},"end":{"line":9,"column":16}},"loc":{"start":{"line":9,"column":22},"end":{"line":9,"column":69}},"line":9},"3":{"name":"(anonymous_3)","decl":{"start":{"line":11,"column":21},"end":{"line":11,"column":22}},"loc":{"start":{"line":11,"column":37},"end":{"line":13,"column":1}},"line":11}},"branchMap":{"0":{"loc":{"start":{"line":5,"column":4},"end":{"line":5,"column":52}},"type":"if","locations":[{"start":{"line":5,"column":4},"end":{"line":5,"column":52}},{"start":{},"end":{}}],"line":5}},"s":{"0":3,"1":3,"2":3,"3":3,"4":0,"5":3,"6":3,"7":3,"8":0,"9":3,"10":2},"f":{"0":3,"1":3,"2":0,"3":2},"b":{"0":[0,3]},"_coverageSchema":"1a1c01bbd47fc00a2c39e90264f33305004495a9","hash":"c3ee112b5933298ee526faa3656e7c4b6a7eff82"}
,"/Users/willtroisi/Coding Projects/CS482/Team-REPO-CS482Fabrizio-G-Zoe-W-Will-T-Dylan-/Docs/Baseball/Controller/UserController.js": {"path":"/Users/willtroisi/Coding Projects/CS482/Team-REPO-CS482Fabrizio-G-Zoe-W-Will-T-Dylan-/Docs/Baseball/Controller/UserController.js","statementMap":{"0":{"start":{"line":1,"column":12},"end":{"line":1,"column":42}},"1":{"start":{"line":3,"column":0},"end":{"line":11,"column":1}},"2":{"start":{"line":4,"column":4},"end":{"line":10,"column":5}},"3":{"start":{"line":5,"column":22},"end":{"line":5,"column":41}},"4":{"start":{"line":6,"column":8},"end":{"line":6,"column":36}},"5":{"start":{"line":8,"column":8},"end":{"line":8,"column":52}},"6":{"start":{"line":9,"column":8},"end":{"line":9,"column":67}},"7":{"start":{"line":13,"column":0},"end":{"line":27,"column":1}},"8":{"start":{"line":14,"column":4},"end":{"line":26,"column":5}},"9":{"start":{"line":15,"column":25},"end":{"line":15,"column":44}},"10":{"start":{"line":16,"column":21},"end":{"line":16,"column":45}},"11":{"start":{"line":18,"column":8},"end":{"line":20,"column":9}},"12":{"start":{"line":19,"column":12},"end":{"line":19,"column":68}},"13":{"start":{"line":22,"column":8},"end":{"line":22,"column":35}},"14":{"start":{"line":24,"column":8},"end":{"line":24,"column":50}},"15":{"start":{"line":25,"column":8},"end":{"line":25,"column":64}},"16":{"start":{"line":30,"column":0},"end":{"line":68,"column":2}},"17":{"start":{"line":31,"column":2},"end":{"line":67,"column":3}},"18":{"start":{"line":32,"column":21},"end":{"line":32,"column":61}},"19":{"start":{"line":34,"column":4},"end":{"line":36,"column":5}},"20":{"start":{"line":35,"column":6},"end":{"line":35,"column":69}},"21":{"start":{"line":39,"column":25},"end":{"line":39,"column":59}},"22":{"start":{"line":41,"column":4},"end":{"line":63,"column":5}},"23":{"start":{"line":43,"column":26},"end":{"line":43,"column":72}},"24":{"start":{"line":44,"column":6},"end":{"line":47,"column":9}},"25":{"start":{"line":49,"column":21},"end":{"line":49,"column":33}},"26":{"start":{"line":50,"column":18},"end":{"line":50,"column":67}},"27":{"start":{"line":51,"column":6},"end":{"line":53,"column":7}},"28":{"start":{"line":52,"column":8},"end":{"line":52,"column":77}},"29":{"start":{"line":54,"column":6},"end":{"line":56,"column":7}},"30":{"start":{"line":55,"column":8},"end":{"line":55,"column":98}},"31":{"start":{"line":58,"column":22},"end":{"line":58,"column":48}},"32":{"start":{"line":59,"column":6},"end":{"line":62,"column":9}},"33":{"start":{"line":65,"column":4},"end":{"line":65,"column":51}},"34":{"start":{"line":66,"column":4},"end":{"line":66,"column":81}},"35":{"start":{"line":71,"column":0},"end":{"line":89,"column":1}},"36":{"start":{"line":72,"column":17},"end":{"line":72,"column":36}},"37":{"start":{"line":78,"column":4},"end":{"line":88,"column":5}},"38":{"start":{"line":79,"column":24},"end":{"line":79,"column":46}},"39":{"start":{"line":80,"column":8},"end":{"line":84,"column":9}},"40":{"start":{"line":81,"column":12},"end":{"line":81,"column":75}},"41":{"start":{"line":83,"column":12},"end":{"line":83,"column":61}},"42":{"start":{"line":86,"column":8},"end":{"line":86,"column":51}},"43":{"start":{"line":87,"column":8},"end":{"line":87,"column":64}},"44":{"start":{"line":91,"column":0},"end":{"line":103,"column":1}},"45":{"start":{"line":96,"column":4},"end":{"line":102,"column":5}},"46":{"start":{"line":97,"column":8},"end":{"line":97,"column":30}},"47":{"start":{"line":98,"column":8},"end":{"line":98,"column":75}},"48":{"start":{"line":100,"column":8},"end":{"line":100,"column":56}},"49":{"start":{"line":101,"column":8},"end":{"line":101,"column":69}},"50":{"start":{"line":105,"column":0},"end":{"line":117,"column":1}},"51":{"start":{"line":106,"column":21},"end":{"line":106,"column":36}},"52":{"start":{"line":107,"column":4},"end":{"line":116,"column":5}},"53":{"start":{"line":108,"column":21},"end":{"line":108,"column":51}},"54":{"start":{"line":109,"column":8},"end":{"line":111,"column":9}},"55":{"start":{"line":110,"column":12},"end":{"line":110,"column":68}},"56":{"start":{"line":112,"column":8},"end":{"line":112,"column":35}},"57":{"start":{"line":114,"column":8},"end":{"line":114,"column":58}},"58":{"start":{"line":115,"column":8},"end":{"line":115,"column":64}},"59":{"start":{"line":119,"column":0},"end":{"line":135,"column":1}},"60":{"start":{"line":120,"column":4},"end":{"line":134,"column":5}},"61":{"start":{"line":121,"column":39},"end":{"line":121,"column":47}},"62":{"start":{"line":122,"column":8},"end":{"line":124,"column":9}},"63":{"start":{"line":123,"column":12},"end":{"line":123,"column":89}},"64":{"start":{"line":125,"column":21},"end":{"line":125,"column":55}},"65":{"start":{"line":126,"column":8},"end":{"line":128,"column":9}},"66":{"start":{"line":127,"column":12},"end":{"line":127,"column":83}},"67":{"start":{"line":129,"column":45},"end":{"line":129,"column":83}},"68":{"start":{"line":130,"column":8},"end":{"line":130,"column":85}},"69":{"start":{"line":132,"column":8},"end":{"line":132,"column":51}},"70":{"start":{"line":133,"column":8},"end":{"line":133,"column":63}},"71":{"start":{"line":137,"column":0},"end":{"line":174,"column":1}},"72":{"start":{"line":138,"column":4},"end":{"line":173,"column":5}},"73":{"start":{"line":139,"column":25},"end":{"line":139,"column":65}},"74":{"start":{"line":140,"column":8},"end":{"line":142,"column":9}},"75":{"start":{"line":141,"column":12},"end":{"line":141,"column":90}},"76":{"start":{"line":144,"column":26},"end":{"line":152,"column":9}},"77":{"start":{"line":154,"column":8},"end":{"line":156,"column":9}},"78":{"start":{"line":155,"column":12},"end":{"line":155,"column":111}},"79":{"start":{"line":158,"column":23},"end":{"line":158,"column":47}},"80":{"start":{"line":159,"column":8},"end":{"line":161,"column":9}},"81":{"start":{"line":160,"column":12},"end":{"line":160,"column":76}},"82":{"start":{"line":164,"column":25},"end":{"line":164,"column":69}},"83":{"start":{"line":165,"column":8},"end":{"line":165,"column":39}},"84":{"start":{"line":167,"column":8},"end":{"line":167,"column":57}},"85":{"start":{"line":169,"column":8},"end":{"line":171,"column":9}},"86":{"start":{"line":170,"column":12},"end":{"line":170,"column":87}},"87":{"start":{"line":172,"column":8},"end":{"line":172,"column":71}}},"fnMap":{"0":{"name":"(anonymous_0)","decl":{"start":{"line":3,"column":17},"end":{"line":3,"column":18}},"loc":{"start":{"line":3,"column":43},"end":{"line":11,"column":1}},"line":3},"1":{"name":"(anonymous_1)","decl":{"start":{"line":13,"column":21},"end":{"line":13,"column":22}},"loc":{"start":{"line":13,"column":47},"end":{"line":27,"column":1}},"line":13},"2":{"name":"(anonymous_2)","decl":{"start":{"line":30,"column":25},"end":{"line":30,"column":26}},"loc":{"start":{"line":30,"column":51},"end":{"line":68,"column":1}},"line":30},"3":{"name":"(anonymous_3)","decl":{"start":{"line":71,"column":20},"end":{"line":71,"column":21}},"loc":{"start":{"line":71,"column":46},"end":{"line":89,"column":1}},"line":71},"4":{"name":"(anonymous_4)","decl":{"start":{"line":91,"column":20},"end":{"line":91,"column":21}},"loc":{"start":{"line":91,"column":46},"end":{"line":103,"column":1}},"line":91},"5":{"name":"(anonymous_5)","decl":{"start":{"line":105,"column":20},"end":{"line":105,"column":21}},"loc":{"start":{"line":105,"column":46},"end":{"line":117,"column":1}},"line":105},"6":{"name":"(anonymous_6)","decl":{"start":{"line":119,"column":16},"end":{"line":119,"column":17}},"loc":{"start":{"line":119,"column":42},"end":{"line":135,"column":1}},"line":119},"7":{"name":"(anonymous_7)","decl":{"start":{"line":137,"column":19},"end":{"line":137,"column":20}},"loc":{"start":{"line":137,"column":45},"end":{"line":174,"column":1}},"line":137}},"branchMap":{"0":{"loc":{"start":{"line":18,"column":8},"end":{"line":20,"column":9}},"type":"if","locations":[{"start":{"line":18,"column":8},"end":{"line":20,"column":9}},{"start":{},"end":{}}],"line":18},"1":{"loc":{"start":{"line":32,"column":21},"end":{"line":32,"column":61}},"type":"binary-expr","locations":[{"start":{"line":32,"column":21},"end":{"line":32,"column":40}},{"start":{"line":32,"column":44},"end":{"line":32,"column":61}}],"line":32},"2":{"loc":{"start":{"line":34,"column":4},"end":{"line":36,"column":5}},"type":"if","locations":[{"start":{"line":34,"column":4},"end":{"line":36,"column":5}},{"start":{},"end":{}}],"line":34},"3":{"loc":{"start":{"line":41,"column":4},"end":{"line":63,"column":5}},"type":"if","locations":[{"start":{"line":41,"column":4},"end":{"line":63,"column":5}},{"start":{"line":48,"column":11},"end":{"line":63,"column":5}}],"line":41},"4":{"loc":{"start":{"line":50,"column":18},"end":{"line":50,"column":67}},"type":"cond-expr","locations":[{"start":{"line":50,"column":41},"end":{"line":50,"column":61}},{"start":{"line":50,"column":64},"end":{"line":50,"column":67}}],"line":50},"5":{"loc":{"start":{"line":51,"column":6},"end":{"line":53,"column":7}},"type":"if","locations":[{"start":{"line":51,"column":6},"end":{"line":53,"column":7}},{"start":{},"end":{}}],"line":51},"6":{"loc":{"start":{"line":54,"column":6},"end":{"line":56,"column":7}},"type":"if","locations":[{"start":{"line":54,"column":6},"end":{"line":56,"column":7}},{"start":{},"end":{}}],"line":54},"7":{"loc":{"start":{"line":80,"column":8},"end":{"line":84,"column":9}},"type":"if","locations":[{"start":{"line":80,"column":8},"end":{"line":84,"column":9}},{"start":{"line":82,"column":15},"end":{"line":84,"column":9}}],"line":80},"8":{"loc":{"start":{"line":109,"column":8},"end":{"line":111,"column":9}},"type":"if","locations":[{"start":{"line":109,"column":8},"end":{"line":111,"column":9}},{"start":{},"end":{}}],"line":109},"9":{"loc":{"start":{"line":122,"column":8},"end":{"line":124,"column":9}},"type":"if","locations":[{"start":{"line":122,"column":8},"end":{"line":124,"column":9}},{"start":{},"end":{}}],"line":122},"10":{"loc":{"start":{"line":122,"column":12},"end":{"line":122,"column":34}},"type":"binary-expr","locations":[{"start":{"line":122,"column":12},"end":{"line":122,"column":21}},{"start":{"line":122,"column":25},"end":{"line":122,"column":34}}],"line":122},"11":{"loc":{"start":{"line":126,"column":8},"end":{"line":128,"column":9}},"type":"if","locations":[{"start":{"line":126,"column":8},"end":{"line":128,"column":9}},{"start":{},"end":{}}],"line":126},"12":{"loc":{"start":{"line":126,"column":12},"end":{"line":126,"column":47}},"type":"binary-expr","locations":[{"start":{"line":126,"column":12},"end":{"line":126,"column":17}},{"start":{"line":126,"column":21},"end":{"line":126,"column":47}}],"line":126},"13":{"loc":{"start":{"line":129,"column":45},"end":{"line":129,"column":83}},"type":"cond-expr","locations":[{"start":{"line":129,"column":61},"end":{"line":129,"column":76}},{"start":{"line":129,"column":79},"end":{"line":129,"column":83}}],"line":129},"14":{"loc":{"start":{"line":139,"column":25},"end":{"line":139,"column":65}},"type":"binary-expr","locations":[{"start":{"line":139,"column":25},"end":{"line":139,"column":44}},{"start":{"line":139,"column":48},"end":{"line":139,"column":65}}],"line":139},"15":{"loc":{"start":{"line":140,"column":8},"end":{"line":142,"column":9}},"type":"if","locations":[{"start":{"line":140,"column":8},"end":{"line":142,"column":9}},{"start":{},"end":{}}],"line":140},"16":{"loc":{"start":{"line":154,"column":8},"end":{"line":156,"column":9}},"type":"if","locations":[{"start":{"line":154,"column":8},"end":{"line":156,"column":9}},{"start":{},"end":{}}],"line":154},"17":{"loc":{"start":{"line":154,"column":12},"end":{"line":154,"column":74}},"type":"binary-expr","locations":[{"start":{"line":154,"column":12},"end":{"line":154,"column":31}},{"start":{"line":154,"column":35},"end":{"line":154,"column":54}},{"start":{"line":154,"column":58},"end":{"line":154,"column":74}}],"line":154},"18":{"loc":{"start":{"line":159,"column":8},"end":{"line":161,"column":9}},"type":"if","locations":[{"start":{"line":159,"column":8},"end":{"line":161,"column":9}},{"start":{},"end":{}}],"line":159},"19":{"loc":{"start":{"line":169,"column":8},"end":{"line":171,"column":9}},"type":"if","locations":[{"start":{"line":169,"column":8},"end":{"line":171,"column":9}},{"start":{},"end":{}}],"line":169},"20":{"loc":{"start":{"line":169,"column":12},"end":{"line":169,"column":37}},"type":"binary-expr","locations":[{"start":{"line":169,"column":12},"end":{"line":169,"column":15}},{"start":{"line":169,"column":19},"end":{"line":169,"column":37}}],"line":169}},"s":{"0":1,"1":1,"2":2,"3":2,"4":1,"5":1,"6":1,"7":1,"8":3,"9":3,"10":3,"11":2,"12":1,"13":1,"14":1,"15":1,"16":1,"17":2,"18":2,"19":2,"20":0,"21":2,"22":2,"23":0,"24":0,"25":2,"26":2,"27":2,"28":2,"29":0,"30":0,"31":0,"32":0,"33":0,"34":0,"35":1,"36":3,"37":3,"38":3,"39":2,"40":1,"41":1,"42":1,"43":1,"44":1,"45":2,"46":2,"47":1,"48":1,"49":1,"50":1,"51":2,"52":2,"53":2,"54":1,"55":0,"56":1,"57":1,"58":1,"59":1,"60":0,"61":0,"62":0,"63":0,"64":0,"65":0,"66":0,"67":0,"68":0,"69":0,"70":0,"71":1,"72":6,"73":6,"74":6,"75":1,"76":5,"77":5,"78":1,"79":4,"80":4,"81":1,"82":3,"83":1,"84":2,"85":2,"86":1,"87":1},"f":{"0":2,"1":3,"2":2,"3":3,"4":2,"5":2,"6":0,"7":6},"b":{"0":[1,1],"1":[2,0],"2":[0,2],"3":[0,2],"4":[0,2],"5":[2,0],"6":[0,0],"7":[1,1],"8":[0,1],"9":[0,0],"10":[0,0],"11":[0,0],"12":[0,0],"13":[0,0],"14":[6,1],"15":[1,5],"16":[1,4],"17":[5,4,4],"18":[1,3],"19":[1,1],"20":[2,2]},"_coverageSchema":"1a1c01bbd47fc00a2c39e90264f33305004495a9","hash":"d764171d171c26239863e450694d47bdb86902db"}
,"/Users/willtroisi/Coding Projects/CS482/Team-REPO-CS482Fabrizio-G-Zoe-W-Will-T-Dylan-/Docs/Baseball/Controller/gameController.js": {"path":"/Users/willtroisi/Coding Projects/CS482/Team-REPO-CS482Fabrizio-G-Zoe-W-Will-T-Dylan-/Docs/Baseball/Controller/gameController.js","statementMap":{"0":{"start":{"line":1,"column":12},"end":{"line":1,"column":42}},"1":{"start":{"line":4,"column":0},"end":{"line":21,"column":2}},"2":{"start":{"line":5,"column":4},"end":{"line":20,"column":5}},"3":{"start":{"line":6,"column":25},"end":{"line":13,"column":9}},"4":{"start":{"line":15,"column":24},"end":{"line":15,"column":50}},"5":{"start":{"line":16,"column":8},"end":{"line":16,"column":38}},"6":{"start":{"line":18,"column":8},"end":{"line":18,"column":51}},"7":{"start":{"line":19,"column":8},"end":{"line":19,"column":65}},"8":{"start":{"line":24,"column":0},"end":{"line":32,"column":2}},"9":{"start":{"line":25,"column":4},"end":{"line":31,"column":5}},"10":{"start":{"line":26,"column":22},"end":{"line":26,"column":41}},"11":{"start":{"line":27,"column":8},"end":{"line":27,"column":36}},"12":{"start":{"line":29,"column":8},"end":{"line":29,"column":52}},"13":{"start":{"line":30,"column":8},"end":{"line":30,"column":68}},"14":{"start":{"line":35,"column":0},"end":{"line":49,"column":2}},"15":{"start":{"line":36,"column":4},"end":{"line":48,"column":5}},"16":{"start":{"line":37,"column":19},"end":{"line":37,"column":32}},"17":{"start":{"line":38,"column":21},"end":{"line":38,"column":39}},"18":{"start":{"line":40,"column":8},"end":{"line":42,"column":9}},"19":{"start":{"line":41,"column":12},"end":{"line":41,"column":69}},"20":{"start":{"line":44,"column":8},"end":{"line":44,"column":35}},"21":{"start":{"line":46,"column":8},"end":{"line":46,"column":51}},"22":{"start":{"line":47,"column":8},"end":{"line":47,"column":67}},"23":{"start":{"line":52,"column":0},"end":{"line":72,"column":2}},"24":{"start":{"line":53,"column":4},"end":{"line":71,"column":5}},"25":{"start":{"line":54,"column":19},"end":{"line":54,"column":32}},"26":{"start":{"line":55,"column":35},"end":{"line":55,"column":43}},"27":{"start":{"line":57,"column":28},"end":{"line":61,"column":10}},"28":{"start":{"line":63,"column":8},"end":{"line":65,"column":9}},"29":{"start":{"line":64,"column":12},"end":{"line":64,"column":69}},"30":{"start":{"line":67,"column":8},"end":{"line":67,"column":42}},"31":{"start":{"line":69,"column":8},"end":{"line":69,"column":52}},"32":{"start":{"line":70,"column":8},"end":{"line":70,"column":66}},"33":{"start":{"line":74,"column":0},"end":{"line":110,"column":2}},"34":{"start":{"line":75,"column":4},"end":{"line":109,"column":5}},"35":{"start":{"line":76,"column":19},"end":{"line":76,"column":32}},"36":{"start":{"line":77,"column":35},"end":{"line":77,"column":43}},"37":{"start":{"line":82,"column":8},"end":{"line":88,"column":9}},"38":{"start":{"line":83,"column":12},"end":{"line":83,"column":58}},"39":{"start":{"line":84,"column":15},"end":{"line":88,"column":9}},"40":{"start":{"line":85,"column":12},"end":{"line":85,"column":58}},"41":{"start":{"line":87,"column":12},"end":{"line":87,"column":28}},"42":{"start":{"line":90,"column":29},"end":{"line":96,"column":10}},"43":{"start":{"line":98,"column":8},"end":{"line":100,"column":9}},"44":{"start":{"line":99,"column":12},"end":{"line":99,"column":69}},"45":{"start":{"line":102,"column":8},"end":{"line":105,"column":11}},"46":{"start":{"line":107,"column":8},"end":{"line":107,"column":52}},"47":{"start":{"line":108,"column":8},"end":{"line":108,"column":65}},"48":{"start":{"line":113,"column":0},"end":{"line":127,"column":2}},"49":{"start":{"line":114,"column":4},"end":{"line":126,"column":5}},"50":{"start":{"line":115,"column":19},"end":{"line":115,"column":32}},"51":{"start":{"line":116,"column":24},"end":{"line":116,"column":41}},"52":{"start":{"line":118,"column":8},"end":{"line":120,"column":9}},"53":{"start":{"line":119,"column":12},"end":{"line":119,"column":69}},"54":{"start":{"line":122,"column":8},"end":{"line":122,"column":71}},"55":{"start":{"line":124,"column":8},"end":{"line":124,"column":51}},"56":{"start":{"line":125,"column":8},"end":{"line":125,"column":65}},"57":{"start":{"line":130,"column":0},"end":{"line":138,"column":2}},"58":{"start":{"line":131,"column":4},"end":{"line":137,"column":5}},"59":{"start":{"line":132,"column":8},"end":{"line":132,"column":30}},"60":{"start":{"line":133,"column":8},"end":{"line":133,"column":76}},"61":{"start":{"line":135,"column":8},"end":{"line":135,"column":56}},"62":{"start":{"line":136,"column":8},"end":{"line":136,"column":70}}},"fnMap":{"0":{"name":"(anonymous_0)","decl":{"start":{"line":4,"column":17},"end":{"line":4,"column":18}},"loc":{"start":{"line":4,"column":43},"end":{"line":21,"column":1}},"line":4},"1":{"name":"(anonymous_1)","decl":{"start":{"line":24,"column":17},"end":{"line":24,"column":18}},"loc":{"start":{"line":24,"column":43},"end":{"line":32,"column":1}},"line":24},"2":{"name":"(anonymous_2)","decl":{"start":{"line":35,"column":17},"end":{"line":35,"column":18}},"loc":{"start":{"line":35,"column":43},"end":{"line":49,"column":1}},"line":35},"3":{"name":"(anonymous_3)","decl":{"start":{"line":52,"column":22},"end":{"line":52,"column":23}},"loc":{"start":{"line":52,"column":48},"end":{"line":72,"column":1}},"line":52},"4":{"name":"(anonymous_4)","decl":{"start":{"line":74,"column":21},"end":{"line":74,"column":22}},"loc":{"start":{"line":74,"column":47},"end":{"line":110,"column":1}},"line":74},"5":{"name":"(anonymous_5)","decl":{"start":{"line":113,"column":20},"end":{"line":113,"column":21}},"loc":{"start":{"line":113,"column":46},"end":{"line":127,"column":1}},"line":113},"6":{"name":"(anonymous_6)","decl":{"start":{"line":130,"column":20},"end":{"line":130,"column":21}},"loc":{"start":{"line":130,"column":46},"end":{"line":138,"column":1}},"line":130}},"branchMap":{"0":{"loc":{"start":{"line":9,"column":20},"end":{"line":9,"column":40}},"type":"binary-expr","locations":[{"start":{"line":9,"column":20},"end":{"line":9,"column":35}},{"start":{"line":9,"column":39},"end":{"line":9,"column":40}}],"line":9},"1":{"loc":{"start":{"line":10,"column":20},"end":{"line":10,"column":40}},"type":"binary-expr","locations":[{"start":{"line":10,"column":20},"end":{"line":10,"column":35}},{"start":{"line":10,"column":39},"end":{"line":10,"column":40}}],"line":10},"2":{"loc":{"start":{"line":40,"column":8},"end":{"line":42,"column":9}},"type":"if","locations":[{"start":{"line":40,"column":8},"end":{"line":42,"column":9}},{"start":{},"end":{}}],"line":40},"3":{"loc":{"start":{"line":63,"column":8},"end":{"line":65,"column":9}},"type":"if","locations":[{"start":{"line":63,"column":8},"end":{"line":65,"column":9}},{"start":{},"end":{}}],"line":63},"4":{"loc":{"start":{"line":82,"column":8},"end":{"line":88,"column":9}},"type":"if","locations":[{"start":{"line":82,"column":8},"end":{"line":88,"column":9}},{"start":{"line":84,"column":15},"end":{"line":88,"column":9}}],"line":82},"5":{"loc":{"start":{"line":83,"column":24},"end":{"line":83,"column":50}},"type":"binary-expr","locations":[{"start":{"line":83,"column":24},"end":{"line":83,"column":38}},{"start":{"line":83,"column":42},"end":{"line":83,"column":50}}],"line":83},"6":{"loc":{"start":{"line":84,"column":15},"end":{"line":88,"column":9}},"type":"if","locations":[{"start":{"line":84,"column":15},"end":{"line":88,"column":9}},{"start":{"line":86,"column":15},"end":{"line":88,"column":9}}],"line":84},"7":{"loc":{"start":{"line":85,"column":24},"end":{"line":85,"column":50}},"type":"binary-expr","locations":[{"start":{"line":85,"column":24},"end":{"line":85,"column":38}},{"start":{"line":85,"column":42},"end":{"line":85,"column":50}}],"line":85},"8":{"loc":{"start":{"line":98,"column":8},"end":{"line":100,"column":9}},"type":"if","locations":[{"start":{"line":98,"column":8},"end":{"line":100,"column":9}},{"start":{},"end":{}}],"line":98},"9":{"loc":{"start":{"line":118,"column":8},"end":{"line":120,"column":9}},"type":"if","locations":[{"start":{"line":118,"column":8},"end":{"line":120,"column":9}},{"start":{},"end":{}}],"line":118}},"s":{"0":1,"1":1,"2":2,"3":2,"4":2,"5":1,"6":1,"7":1,"8":1,"9":1,"10":1,"11":1,"12":0,"13":0,"14":1,"15":2,"16":2,"17":2,"18":2,"19":1,"20":1,"21":0,"22":0,"23":1,"24":2,"25":2,"26":2,"27":2,"28":2,"29":1,"30":1,"31":0,"32":0,"33":1,"34":1,"35":1,"36":1,"37":1,"38":1,"39":0,"40":0,"41":0,"42":1,"43":1,"44":0,"45":1,"46":0,"47":0,"48":1,"49":2,"50":2,"51":2,"52":2,"53":1,"54":1,"55":0,"56":0,"57":1,"58":2,"59":2,"60":1,"61":1,"62":1},"f":{"0":2,"1":1,"2":2,"3":2,"4":1,"5":2,"6":2},"b":{"0":[2,1],"1":[2,1],"2":[1,1],"3":[1,1],"4":[1,0],"5":[1,0],"6":[0,0],"7":[0,0],"8":[0,1],"9":[1,1]},"_coverageSchema":"1a1c01bbd47fc00a2c39e90264f33305004495a9","hash":"16e97e9128f14207540555dd6312bd0cb176edb8"}
,"/Users/willtroisi/Coding Projects/CS482/Team-REPO-CS482Fabrizio-G-Zoe-W-Will-T-Dylan-/Docs/Baseball/Controller/teamController.js": {"path":"/Users/willtroisi/Coding Projects/CS482/Team-REPO-CS482Fabrizio-G-Zoe-W-Will-T-Dylan-/Docs/Baseball/Controller/teamController.js","statementMap":{"0":{"start":{"line":1,"column":12},"end":{"line":1,"column":39}},"1":{"start":{"line":3,"column":11},"end":{"line":3,"column":24}},"2":{"start":{"line":7,"column":0},"end":{"line":15,"column":2}},"3":{"start":{"line":8,"column":4},"end":{"line":14,"column":5}},"4":{"start":{"line":9,"column":22},"end":{"line":9,"column":41}},"5":{"start":{"line":10,"column":8},"end":{"line":10,"column":36}},"6":{"start":{"line":12,"column":8},"end":{"line":12,"column":52}},"7":{"start":{"line":13,"column":8},"end":{"line":13,"column":68}},"8":{"start":{"line":18,"column":0},"end":{"line":32,"column":2}},"9":{"start":{"line":19,"column":4},"end":{"line":31,"column":5}},"10":{"start":{"line":20,"column":19},"end":{"line":20,"column":32}},"11":{"start":{"line":21,"column":21},"end":{"line":21,"column":39}},"12":{"start":{"line":23,"column":8},"end":{"line":25,"column":9}},"13":{"start":{"line":24,"column":12},"end":{"line":24,"column":69}},"14":{"start":{"line":27,"column":8},"end":{"line":27,"column":35}},"15":{"start":{"line":29,"column":8},"end":{"line":29,"column":51}},"16":{"start":{"line":30,"column":8},"end":{"line":30,"column":65}},"17":{"start":{"line":35,"column":0},"end":{"line":93,"column":4}},"18":{"start":{"line":36,"column":4},"end":{"line":92,"column":5}},"19":{"start":{"line":37,"column":23},"end":{"line":40,"column":7}},"20":{"start":{"line":42,"column":6},"end":{"line":59,"column":7}},"21":{"start":{"line":43,"column":22},"end":{"line":43,"column":38}},"22":{"start":{"line":44,"column":8},"end":{"line":55,"column":9}},"23":{"start":{"line":45,"column":10},"end":{"line":47,"column":11}},"24":{"start":{"line":46,"column":12},"end":{"line":46,"column":42}},"25":{"start":{"line":49,"column":10},"end":{"line":54,"column":11}},"26":{"start":{"line":50,"column":12},"end":{"line":53,"column":31}},"27":{"start":{"line":52,"column":24},"end":{"line":52,"column":32}},"28":{"start":{"line":56,"column":8},"end":{"line":58,"column":9}},"29":{"start":{"line":57,"column":10},"end":{"line":57,"column":37}},"30":{"start":{"line":62,"column":6},"end":{"line":74,"column":7}},"31":{"start":{"line":63,"column":29},"end":{"line":63,"column":57}},"32":{"start":{"line":64,"column":8},"end":{"line":66,"column":9}},"33":{"start":{"line":65,"column":10},"end":{"line":65,"column":78}},"34":{"start":{"line":68,"column":8},"end":{"line":70,"column":30}},"35":{"start":{"line":72,"column":24},"end":{"line":72,"column":68}},"36":{"start":{"line":73,"column":8},"end":{"line":73,"column":45}},"37":{"start":{"line":77,"column":6},"end":{"line":77,"column":87}},"38":{"start":{"line":78,"column":22},"end":{"line":86,"column":8}},"39":{"start":{"line":88,"column":6},"end":{"line":88,"column":36}},"40":{"start":{"line":90,"column":6},"end":{"line":90,"column":58}},"41":{"start":{"line":91,"column":6},"end":{"line":91,"column":73}},"42":{"start":{"line":96,"column":0},"end":{"line":143,"column":4}},"43":{"start":{"line":97,"column":4},"end":{"line":142,"column":5}},"44":{"start":{"line":98,"column":23},"end":{"line":101,"column":7}},"45":{"start":{"line":103,"column":6},"end":{"line":108,"column":7}},"46":{"start":{"line":104,"column":8},"end":{"line":107,"column":10}},"47":{"start":{"line":110,"column":6},"end":{"line":126,"column":7}},"48":{"start":{"line":111,"column":29},"end":{"line":111,"column":57}},"49":{"start":{"line":112,"column":8},"end":{"line":114,"column":9}},"50":{"start":{"line":113,"column":10},"end":{"line":113,"column":78}},"51":{"start":{"line":116,"column":8},"end":{"line":118,"column":9}},"52":{"start":{"line":117,"column":10},"end":{"line":117,"column":44}},"53":{"start":{"line":120,"column":8},"end":{"line":122,"column":9}},"54":{"start":{"line":121,"column":10},"end":{"line":121,"column":50}},"55":{"start":{"line":124,"column":24},"end":{"line":124,"column":68}},"56":{"start":{"line":125,"column":8},"end":{"line":125,"column":45}},"57":{"start":{"line":128,"column":22},"end":{"line":136,"column":8}},"58":{"start":{"line":138,"column":6},"end":{"line":138,"column":36}},"59":{"start":{"line":140,"column":6},"end":{"line":140,"column":58}},"60":{"start":{"line":141,"column":6},"end":{"line":141,"column":73}},"61":{"start":{"line":146,"column":0},"end":{"line":162,"column":2}},"62":{"start":{"line":147,"column":15},"end":{"line":147,"column":28}},"63":{"start":{"line":151,"column":4},"end":{"line":161,"column":5}},"64":{"start":{"line":152,"column":24},"end":{"line":152,"column":41}},"65":{"start":{"line":153,"column":8},"end":{"line":157,"column":9}},"66":{"start":{"line":154,"column":12},"end":{"line":154,"column":75}},"67":{"start":{"line":156,"column":12},"end":{"line":156,"column":62}},"68":{"start":{"line":159,"column":8},"end":{"line":159,"column":51}},"69":{"start":{"line":160,"column":8},"end":{"line":160,"column":65}},"70":{"start":{"line":165,"column":0},"end":{"line":175,"column":2}},"71":{"start":{"line":168,"column":4},"end":{"line":174,"column":5}},"72":{"start":{"line":169,"column":8},"end":{"line":169,"column":30}},"73":{"start":{"line":170,"column":8},"end":{"line":170,"column":76}},"74":{"start":{"line":172,"column":8},"end":{"line":172,"column":56}},"75":{"start":{"line":173,"column":8},"end":{"line":173,"column":70}},"76":{"start":{"line":178,"column":0},"end":{"line":191,"column":2}},"77":{"start":{"line":179,"column":21},"end":{"line":179,"column":36}},"78":{"start":{"line":181,"column":4},"end":{"line":190,"column":5}},"79":{"start":{"line":182,"column":21},"end":{"line":182,"column":51}},"80":{"start":{"line":183,"column":8},"end":{"line":185,"column":9}},"81":{"start":{"line":184,"column":12},"end":{"line":184,"column":69}},"82":{"start":{"line":186,"column":8},"end":{"line":186,"column":35}},"83":{"start":{"line":188,"column":8},"end":{"line":188,"column":58}},"84":{"start":{"line":189,"column":8},"end":{"line":189,"column":65}}},"fnMap":{"0":{"name":"(anonymous_0)","decl":{"start":{"line":7,"column":17},"end":{"line":7,"column":18}},"loc":{"start":{"line":7,"column":43},"end":{"line":15,"column":1}},"line":7},"1":{"name":"(anonymous_1)","decl":{"start":{"line":18,"column":17},"end":{"line":18,"column":18}},"loc":{"start":{"line":18,"column":43},"end":{"line":32,"column":1}},"line":18},"2":{"name":"(anonymous_2)","decl":{"start":{"line":35,"column":25},"end":{"line":35,"column":26}},"loc":{"start":{"line":35,"column":51},"end":{"line":93,"column":3}},"line":35},"3":{"name":"(anonymous_3)","decl":{"start":{"line":52,"column":19},"end":{"line":52,"column":20}},"loc":{"start":{"line":52,"column":24},"end":{"line":52,"column":32}},"line":52},"4":{"name":"(anonymous_4)","decl":{"start":{"line":96,"column":25},"end":{"line":96,"column":26}},"loc":{"start":{"line":96,"column":51},"end":{"line":143,"column":3}},"line":96},"5":{"name":"(anonymous_5)","decl":{"start":{"line":146,"column":20},"end":{"line":146,"column":21}},"loc":{"start":{"line":146,"column":46},"end":{"line":162,"column":1}},"line":146},"6":{"name":"(anonymous_6)","decl":{"start":{"line":165,"column":20},"end":{"line":165,"column":21}},"loc":{"start":{"line":165,"column":46},"end":{"line":175,"column":1}},"line":165},"7":{"name":"(anonymous_7)","decl":{"start":{"line":178,"column":20},"end":{"line":178,"column":21}},"loc":{"start":{"line":178,"column":46},"end":{"line":191,"column":1}},"line":178}},"branchMap":{"0":{"loc":{"start":{"line":23,"column":8},"end":{"line":25,"column":9}},"type":"if","locations":[{"start":{"line":23,"column":8},"end":{"line":25,"column":9}},{"start":{},"end":{}}],"line":23},"1":{"loc":{"start":{"line":42,"column":6},"end":{"line":59,"column":7}},"type":"if","locations":[{"start":{"line":42,"column":6},"end":{"line":59,"column":7}},{"start":{},"end":{}}],"line":42},"2":{"loc":{"start":{"line":45,"column":10},"end":{"line":47,"column":11}},"type":"if","locations":[{"start":{"line":45,"column":10},"end":{"line":47,"column":11}},{"start":{},"end":{}}],"line":45},"3":{"loc":{"start":{"line":49,"column":10},"end":{"line":54,"column":11}},"type":"if","locations":[{"start":{"line":49,"column":10},"end":{"line":54,"column":11}},{"start":{},"end":{}}],"line":49},"4":{"loc":{"start":{"line":56,"column":8},"end":{"line":58,"column":9}},"type":"if","locations":[{"start":{"line":56,"column":8},"end":{"line":58,"column":9}},{"start":{},"end":{}}],"line":56},"5":{"loc":{"start":{"line":62,"column":6},"end":{"line":74,"column":7}},"type":"if","locations":[{"start":{"line":62,"column":6},"end":{"line":74,"column":7}},{"start":{},"end":{}}],"line":62},"6":{"loc":{"start":{"line":64,"column":8},"end":{"line":66,"column":9}},"type":"if","locations":[{"start":{"line":64,"column":8},"end":{"line":66,"column":9}},{"start":{},"end":{}}],"line":64},"7":{"loc":{"start":{"line":68,"column":24},"end":{"line":70,"column":29}},"type":"cond-expr","locations":[{"start":{"line":69,"column":12},"end":{"line":69,"column":43}},{"start":{"line":70,"column":12},"end":{"line":70,"column":29}}],"line":68},"8":{"loc":{"start":{"line":77,"column":22},"end":{"line":77,"column":86}},"type":"cond-expr","locations":[{"start":{"line":77,"column":33},"end":{"line":77,"column":64}},{"start":{"line":77,"column":67},"end":{"line":77,"column":86}}],"line":77},"9":{"loc":{"start":{"line":77,"column":67},"end":{"line":77,"column":86}},"type":"binary-expr","locations":[{"start":{"line":77,"column":67},"end":{"line":77,"column":80}},{"start":{"line":77,"column":84},"end":{"line":77,"column":86}}],"line":77},"10":{"loc":{"start":{"line":103,"column":6},"end":{"line":108,"column":7}},"type":"if","locations":[{"start":{"line":103,"column":6},"end":{"line":108,"column":7}},{"start":{},"end":{}}],"line":103},"11":{"loc":{"start":{"line":110,"column":6},"end":{"line":126,"column":7}},"type":"if","locations":[{"start":{"line":110,"column":6},"end":{"line":126,"column":7}},{"start":{},"end":{}}],"line":110},"12":{"loc":{"start":{"line":112,"column":8},"end":{"line":114,"column":9}},"type":"if","locations":[{"start":{"line":112,"column":8},"end":{"line":114,"column":9}},{"start":{},"end":{}}],"line":112},"13":{"loc":{"start":{"line":116,"column":8},"end":{"line":118,"column":9}},"type":"if","locations":[{"start":{"line":116,"column":8},"end":{"line":118,"column":9}},{"start":{},"end":{}}],"line":116},"14":{"loc":{"start":{"line":120,"column":8},"end":{"line":122,"column":9}},"type":"if","locations":[{"start":{"line":120,"column":8},"end":{"line":122,"column":9}},{"start":{},"end":{}}],"line":120},"15":{"loc":{"start":{"line":130,"column":17},"end":{"line":130,"column":72}},"type":"cond-expr","locations":[{"start":{"line":130,"column":51},"end":{"line":130,"column":67}},{"start":{"line":130,"column":70},"end":{"line":130,"column":72}}],"line":130},"16":{"loc":{"start":{"line":153,"column":8},"end":{"line":157,"column":9}},"type":"if","locations":[{"start":{"line":153,"column":8},"end":{"line":157,"column":9}},{"start":{"line":155,"column":15},"end":{"line":157,"column":9}}],"line":153},"17":{"loc":{"start":{"line":183,"column":8},"end":{"line":185,"column":9}},"type":"if","locations":[{"start":{"line":183,"column":8},"end":{"line":185,"column":9}},{"start":{},"end":{}}],"line":183}},"s":{"0":1,"1":1,"2":1,"3":2,"4":2,"5":1,"6":1,"7":1,"8":1,"9":3,"10":3,"11":3,"12":2,"13":1,"14":1,"15":1,"16":1,"17":1,"18":0,"19":0,"20":0,"21":0,"22":0,"23":0,"24":0,"25":0,"26":0,"27":0,"28":0,"29":0,"30":0,"31":0,"32":0,"33":0,"34":0,"35":0,"36":0,"37":0,"38":0,"39":0,"40":0,"41":0,"42":1,"43":2,"44":2,"45":2,"46":0,"47":2,"48":0,"49":0,"50":0,"51":0,"52":0,"53":0,"54":0,"55":0,"56":0,"57":2,"58":1,"59":1,"60":1,"61":1,"62":3,"63":3,"64":3,"65":2,"66":1,"67":1,"68":1,"69":1,"70":1,"71":2,"72":2,"73":1,"74":1,"75":1,"76":1,"77":3,"78":3,"79":3,"80":2,"81":1,"82":1,"83":1,"84":1},"f":{"0":2,"1":3,"2":0,"3":0,"4":2,"5":3,"6":2,"7":3},"b":{"0":[1,1],"1":[0,0],"2":[0,0],"3":[0,0],"4":[0,0],"5":[0,0],"6":[0,0],"7":[0,0],"8":[0,0],"9":[0,0],"10":[0,2],"11":[0,2],"12":[0,0],"13":[0,0],"14":[0,0],"15":[0,2],"16":[1,1],"17":[1,1]},"_coverageSchema":"1a1c01bbd47fc00a2c39e90264f33305004495a9","hash":"e7c698f785c2490ba94eb912ea2bb60838291196"}
,"/Users/willtroisi/Coding Projects/CS482/Team-REPO-CS482Fabrizio-G-Zoe-W-Will-T-Dylan-/Docs/Baseball/Model/UserDao.js": {"path":"/Users/willtroisi/Coding Projects/CS482/Team-REPO-CS482Fabrizio-G-Zoe-W-Will-T-Dylan-/Docs/Baseball/Model/UserDao.js","statementMap":{"0":{"start":{"line":1,"column":17},"end":{"line":1,"column":36}},"1":{"start":{"line":3,"column":19},"end":{"line":14,"column":2}},"2":{"start":{"line":16,"column":18},"end":{"line":16,"column":52}},"3":{"start":{"line":18,"column":0},"end":{"line":22,"column":1}},"4":{"start":{"line":19,"column":17},"end":{"line":19,"column":39}},"5":{"start":{"line":20,"column":4},"end":{"line":20,"column":22}},"6":{"start":{"line":21,"column":4},"end":{"line":21,"column":16}},"7":{"start":{"line":24,"column":0},"end":{"line":31,"column":1}},"8":{"start":{"line":25,"column":17},"end":{"line":25,"column":64}},"9":{"start":{"line":26,"column":4},"end":{"line":26,"column":27}},"10":{"start":{"line":28,"column":18},"end":{"line":28,"column":37}},"11":{"start":{"line":29,"column":4},"end":{"line":29,"column":23}},"12":{"start":{"line":30,"column":4},"end":{"line":30,"column":17}},"13":{"start":{"line":33,"column":0},"end":{"line":36,"column":1}},"14":{"start":{"line":34,"column":17},"end":{"line":34,"column":45}},"15":{"start":{"line":35,"column":4},"end":{"line":35,"column":16}},"16":{"start":{"line":38,"column":0},"end":{"line":41,"column":1}},"17":{"start":{"line":39,"column":18},"end":{"line":39,"column":40}},"18":{"start":{"line":40,"column":4},"end":{"line":40,"column":17}},"19":{"start":{"line":43,"column":0},"end":{"line":46,"column":1}},"20":{"start":{"line":44,"column":17},"end":{"line":44,"column":52}},"21":{"start":{"line":45,"column":4},"end":{"line":45,"column":16}},"22":{"start":{"line":48,"column":0},"end":{"line":51,"column":1}},"23":{"start":{"line":49,"column":17},"end":{"line":49,"column":59}},"24":{"start":{"line":50,"column":4},"end":{"line":50,"column":16}},"25":{"start":{"line":53,"column":0},"end":{"line":56,"column":1}},"26":{"start":{"line":54,"column":17},"end":{"line":54,"column":59}},"27":{"start":{"line":55,"column":4},"end":{"line":55,"column":16}},"28":{"start":{"line":58,"column":0},"end":{"line":60,"column":1}},"29":{"start":{"line":59,"column":4},"end":{"line":59,"column":40}},"30":{"start":{"line":62,"column":0},"end":{"line":68,"column":2}},"31":{"start":{"line":63,"column":2},"end":{"line":67,"column":4}}},"fnMap":{"0":{"name":"(anonymous_0)","decl":{"start":{"line":18,"column":17},"end":{"line":18,"column":18}},"loc":{"start":{"line":18,"column":41},"end":{"line":22,"column":1}},"line":18},"1":{"name":"(anonymous_1)","decl":{"start":{"line":24,"column":22},"end":{"line":24,"column":23}},"loc":{"start":{"line":24,"column":58},"end":{"line":31,"column":1}},"line":24},"2":{"name":"(anonymous_2)","decl":{"start":{"line":33,"column":15},"end":{"line":33,"column":16}},"loc":{"start":{"line":33,"column":34},"end":{"line":36,"column":1}},"line":33},"3":{"name":"(anonymous_3)","decl":{"start":{"line":38,"column":18},"end":{"line":38,"column":19}},"loc":{"start":{"line":38,"column":35},"end":{"line":41,"column":1}},"line":38},"4":{"name":"(anonymous_4)","decl":{"start":{"line":43,"column":25},"end":{"line":43,"column":26}},"loc":{"start":{"line":43,"column":50},"end":{"line":46,"column":1}},"line":43},"5":{"name":"(anonymous_5)","decl":{"start":{"line":48,"column":21},"end":{"line":48,"column":22}},"loc":{"start":{"line":48,"column":46},"end":{"line":51,"column":1}},"line":48},"6":{"name":"(anonymous_6)","decl":{"start":{"line":53,"column":17},"end":{"line":53,"column":18}},"loc":{"start":{"line":53,"column":42},"end":{"line":56,"column":1}},"line":53},"7":{"name":"(anonymous_7)","decl":{"start":{"line":58,"column":20},"end":{"line":58,"column":21}},"loc":{"start":{"line":58,"column":37},"end":{"line":60,"column":1}},"line":58},"8":{"name":"(anonymous_8)","decl":{"start":{"line":62,"column":27},"end":{"line":62,"column":28}},"loc":{"start":{"line":62,"column":65},"end":{"line":68,"column":1}},"line":62}},"branchMap":{},"s":{"0":2,"1":2,"2":2,"3":2,"4":1,"5":1,"6":1,"7":2,"8":1,"9":1,"10":1,"11":1,"12":1,"13":2,"14":1,"15":1,"16":2,"17":1,"18":1,"19":2,"20":3,"21":3,"22":2,"23":1,"24":1,"25":2,"26":1,"27":1,"28":2,"29":2,"30":2,"31":1},"f":{"0":1,"1":1,"2":1,"3":1,"4":3,"5":1,"6":1,"7":2,"8":1},"b":{},"_coverageSchema":"1a1c01bbd47fc00a2c39e90264f33305004495a9","hash":"5652e81cbf228ac3cc199141d1ad770ff85ce573"}
,"/Users/willtroisi/Coding Projects/CS482/Team-REPO-CS482Fabrizio-G-Zoe-W-Will-T-Dylan-/Docs/Baseball/Model/gameDao.js": {"path":"/Users/willtroisi/Coding Projects/CS482/Team-REPO-CS482Fabrizio-G-Zoe-W-Will-T-Dylan-/Docs/Baseball/Model/gameDao.js","statementMap":{"0":{"start":{"line":1,"column":17},"end":{"line":1,"column":36}},"1":{"start":{"line":3,"column":19},"end":{"line":12,"column":2}},"2":{"start":{"line":15,"column":18},"end":{"line":15,"column":52}},"3":{"start":{"line":19,"column":0},"end":{"line":23,"column":2}},"4":{"start":{"line":20,"column":17},"end":{"line":20,"column":39}},"5":{"start":{"line":21,"column":4},"end":{"line":21,"column":22}},"6":{"start":{"line":22,"column":4},"end":{"line":22,"column":16}},"7":{"start":{"line":26,"column":0},"end":{"line":29,"column":2}},"8":{"start":{"line":27,"column":15},"end":{"line":27,"column":43}},"9":{"start":{"line":28,"column":4},"end":{"line":28,"column":16}},"10":{"start":{"line":32,"column":0},"end":{"line":35,"column":2}},"11":{"start":{"line":33,"column":16},"end":{"line":33,"column":38}},"12":{"start":{"line":34,"column":4},"end":{"line":34,"column":17}},"13":{"start":{"line":38,"column":0},"end":{"line":41,"column":2}},"14":{"start":{"line":39,"column":15},"end":{"line":39,"column":70}},"15":{"start":{"line":40,"column":4},"end":{"line":40,"column":16}},"16":{"start":{"line":44,"column":0},"end":{"line":47,"column":2}},"17":{"start":{"line":45,"column":15},"end":{"line":45,"column":52}},"18":{"start":{"line":46,"column":4},"end":{"line":46,"column":16}},"19":{"start":{"line":50,"column":0},"end":{"line":52,"column":2}},"20":{"start":{"line":51,"column":4},"end":{"line":51,"column":33}},"21":{"start":{"line":55,"column":0},"end":{"line":58,"column":2}},"22":{"start":{"line":56,"column":2},"end":{"line":56,"column":54}},"23":{"start":{"line":57,"column":2},"end":{"line":57,"column":42}}},"fnMap":{"0":{"name":"(anonymous_0)","decl":{"start":{"line":19,"column":17},"end":{"line":19,"column":18}},"loc":{"start":{"line":19,"column":41},"end":{"line":23,"column":1}},"line":19},"1":{"name":"(anonymous_1)","decl":{"start":{"line":26,"column":15},"end":{"line":26,"column":16}},"loc":{"start":{"line":26,"column":34},"end":{"line":29,"column":1}},"line":26},"2":{"name":"(anonymous_2)","decl":{"start":{"line":32,"column":18},"end":{"line":32,"column":19}},"loc":{"start":{"line":32,"column":35},"end":{"line":35,"column":1}},"line":32},"3":{"name":"(anonymous_3)","decl":{"start":{"line":38,"column":22},"end":{"line":38,"column":23}},"loc":{"start":{"line":38,"column":51},"end":{"line":41,"column":1}},"line":38},"4":{"name":"(anonymous_4)","decl":{"start":{"line":44,"column":14},"end":{"line":44,"column":15}},"loc":{"start":{"line":44,"column":33},"end":{"line":47,"column":1}},"line":44},"5":{"name":"(anonymous_5)","decl":{"start":{"line":50,"column":20},"end":{"line":50,"column":21}},"loc":{"start":{"line":50,"column":37},"end":{"line":52,"column":1}},"line":50},"6":{"name":"(anonymous_6)","decl":{"start":{"line":55,"column":17},"end":{"line":55,"column":18}},"loc":{"start":{"line":55,"column":50},"end":{"line":58,"column":1}},"line":55}},"branchMap":{},"s":{"0":2,"1":2,"2":2,"3":2,"4":9,"5":9,"6":9,"7":2,"8":2,"9":2,"10":2,"11":2,"12":2,"13":2,"14":1,"15":1,"16":2,"17":1,"18":1,"19":2,"20":8,"21":2,"22":1,"23":1},"f":{"0":9,"1":2,"2":2,"3":1,"4":1,"5":8,"6":1},"b":{},"_coverageSchema":"1a1c01bbd47fc00a2c39e90264f33305004495a9","hash":"1dcfc97b51fc93d38be7bf53e95fe47ee03a86e4"}
,"/Users/willtroisi/Coding Projects/CS482/Team-REPO-CS482Fabrizio-G-Zoe-W-Will-T-Dylan-/Docs/Baseball/Model/teamDao.js": {"path":"/Users/willtroisi/Coding Projects/CS482/Team-REPO-CS482Fabrizio-G-Zoe-W-Will-T-Dylan-/Docs/Baseball/Model/teamDao.js","statementMap":{"0":{"start":{"line":1,"column":17},"end":{"line":1,"column":36}},"1":{"start":{"line":19,"column":19},"end":{"line":32,"column":2}},"2":{"start":{"line":36,"column":18},"end":{"line":36,"column":52}},"3":{"start":{"line":38,"column":0},"end":{"line":46,"column":1}},"4":{"start":{"line":40,"column":17},"end":{"line":40,"column":39}},"5":{"start":{"line":41,"column":4},"end":{"line":41,"column":22}},"6":{"start":{"line":42,"column":4},"end":{"line":42,"column":16}},"7":{"start":{"line":48,"column":0},"end":{"line":51,"column":1}},"8":{"start":{"line":49,"column":15},"end":{"line":49,"column":43}},"9":{"start":{"line":50,"column":4},"end":{"line":50,"column":16}},"10":{"start":{"line":53,"column":0},"end":{"line":57,"column":1}},"11":{"start":{"line":54,"column":15},"end":{"line":54,"column":57}},"12":{"start":{"line":55,"column":4},"end":{"line":55,"column":16}},"13":{"start":{"line":60,"column":0},"end":{"line":63,"column":1}},"14":{"start":{"line":61,"column":16},"end":{"line":61,"column":38}},"15":{"start":{"line":62,"column":4},"end":{"line":62,"column":17}},"16":{"start":{"line":65,"column":0},"end":{"line":68,"column":1}},"17":{"start":{"line":66,"column":15},"end":{"line":66,"column":52}},"18":{"start":{"line":67,"column":4},"end":{"line":67,"column":16}},"19":{"start":{"line":71,"column":0},"end":{"line":73,"column":1}},"20":{"start":{"line":72,"column":4},"end":{"line":72,"column":33}},"21":{"start":{"line":75,"column":0},"end":{"line":85,"column":1}},"22":{"start":{"line":77,"column":20},"end":{"line":77,"column":73}},"23":{"start":{"line":79,"column":4},"end":{"line":83,"column":5}},"24":{"start":{"line":80,"column":8},"end":{"line":80,"column":45}},"25":{"start":{"line":82,"column":8},"end":{"line":82,"column":62}},"26":{"start":{"line":87,"column":0},"end":{"line":90,"column":2}},"27":{"start":{"line":88,"column":24},"end":{"line":88,"column":91}},"28":{"start":{"line":89,"column":4},"end":{"line":89,"column":23}}},"fnMap":{"0":{"name":"(anonymous_0)","decl":{"start":{"line":38,"column":17},"end":{"line":38,"column":18}},"loc":{"start":{"line":38,"column":40},"end":{"line":46,"column":1}},"line":38},"1":{"name":"(anonymous_1)","decl":{"start":{"line":48,"column":15},"end":{"line":48,"column":16}},"loc":{"start":{"line":48,"column":33},"end":{"line":51,"column":1}},"line":48},"2":{"name":"(anonymous_2)","decl":{"start":{"line":53,"column":21},"end":{"line":53,"column":22}},"loc":{"start":{"line":53,"column":45},"end":{"line":57,"column":1}},"line":53},"3":{"name":"(anonymous_3)","decl":{"start":{"line":60,"column":18},"end":{"line":60,"column":19}},"loc":{"start":{"line":60,"column":34},"end":{"line":63,"column":1}},"line":60},"4":{"name":"(anonymous_4)","decl":{"start":{"line":65,"column":14},"end":{"line":65,"column":15}},"loc":{"start":{"line":65,"column":32},"end":{"line":68,"column":1}},"line":65},"5":{"name":"(anonymous_5)","decl":{"start":{"line":71,"column":20},"end":{"line":71,"column":21}},"loc":{"start":{"line":71,"column":36},"end":{"line":73,"column":1}},"line":71},"6":{"name":"(anonymous_6)","decl":{"start":{"line":75,"column":17},"end":{"line":75,"column":18}},"loc":{"start":{"line":75,"column":48},"end":{"line":85,"column":1}},"line":75},"7":{"name":"(anonymous_7)","decl":{"start":{"line":87,"column":21},"end":{"line":87,"column":22}},"loc":{"start":{"line":87,"column":56},"end":{"line":90,"column":1}},"line":87}},"branchMap":{"0":{"loc":{"start":{"line":79,"column":4},"end":{"line":83,"column":5}},"type":"if","locations":[{"start":{"line":79,"column":4},"end":{"line":83,"column":5}},{"start":{"line":81,"column":11},"end":{"line":83,"column":5}}],"line":79}},"s":{"0":2,"1":2,"2":2,"3":2,"4":9,"5":9,"6":9,"7":2,"8":2,"9":2,"10":2,"11":2,"12":2,"13":2,"14":2,"15":2,"16":2,"17":1,"18":1,"19":2,"20":8,"21":2,"22":1,"23":1,"24":1,"25":0,"26":2,"27":0,"28":0},"f":{"0":9,"1":2,"2":2,"3":2,"4":1,"5":8,"6":1,"7":0},"b":{"0":[1,0]},"_coverageSchema":"1a1c01bbd47fc00a2c39e90264f33305004495a9","hash":"d30427fcff10b7ea3c45bfcf55c36282a7ec0c74"}
}
