{"/Users/willtroisi/Coding Projects/CS482/Team-REPO-CS482Fabrizio-G-Zoe-W-Will-T-Dylan-/DBConnection.js": {"path":"/Users/willtroisi/Coding Projects/CS482/Team-REPO-CS482Fabrizio-G-Zoe-W-Will-T-Dylan-/DBConnection.js","statementMap":{"0":{"start":{"line":1,"column":17},"end":{"line":1,"column":36}},"1":{"start":{"line":3,"column":0},"end":{"line":10,"column":5}},"2":{"start":{"line":4,"column":14},"end":{"line":4,"column":32}},"3":{"start":{"line":5,"column":4},"end":{"line":5,"column":52}},"4":{"start":{"line":5,"column":23},"end":{"line":5,"column":52}},"5":{"start":{"line":6,"column":4},"end":{"line":6,"column":26}},"6":{"start":{"line":7,"column":4},"end":{"line":9,"column":71}},"7":{"start":{"line":8,"column":20},"end":{"line":8,"column":55}},"8":{"start":{"line":9,"column":22},"end":{"line":9,"column":69}},"9":{"start":{"line":11,"column":0},"end":{"line":13,"column":1}},"10":{"start":{"line":12,"column":4},"end":{"line":12,"column":38}}},"fnMap":{"0":{"name":"(anonymous_0)","decl":{"start":{"line":3,"column":18},"end":{"line":3,"column":19}},"loc":{"start":{"line":3,"column":39},"end":{"line":10,"column":5}},"line":3},"1":{"name":"(anonymous_1)","decl":{"start":{"line":8,"column":14},"end":{"line":8,"column":15}},"loc":{"start":{"line":8,"column":20},"end":{"line":8,"column":55}},"line":8},"2":{"name":"(anonymous_2)","decl":{"start":{"line":9,"column":15},"end":{"line":9,"column":16}},"loc":{"start":{"line":9,"column":22},"end":{"line":9,"column":69}},"line":9},"3":{"name":"(anonymous_3)","decl":{"start":{"line":11,"column":21},"end":{"line":11,"column":22}},"loc":{"start":{"line":11,"column":37},"end":{"line":13,"column":1}},"line":11}},"branchMap":{"0":{"loc":{"start":{"line":5,"column":4},"end":{"line":5,"column":52}},"type":"if","locations":[{"start":{"line":5,"column":4},"end":{"line":5,"column":52}},{"start":{},"end":{}}],"line":5}},"s":{"0":3,"1":3,"2":4,"3":4,"4":0,"5":4,"6":4,"7":2,"8":2,"9":3,"10":2},"f":{"0":4,"1":2,"2":2,"3":2},"b":{"0":[0,4]},"_coverageSchema":"1a1c01bbd47fc00a2c39e90264f33305004495a9","hash":"c3ee112b5933298ee526faa3656e7c4b6a7eff82"}
,"/Users/willtroisi/Coding Projects/CS482/Team-REPO-CS482Fabrizio-G-Zoe-W-Will-T-Dylan-/Docs/Baseball/Controller/UserController.js": {"path":"/Users/willtroisi/Coding Projects/CS482/Team-REPO-CS482Fabrizio-G-Zoe-W-Will-T-Dylan-/Docs/Baseball/Controller/UserController.js","statementMap":{"0":{"start":{"line":1,"column":12},"end":{"line":1,"column":42}},"1":{"start":{"line":3,"column":0},"end":{"line":11,"column":1}},"2":{"start":{"line":4,"column":4},"end":{"line":10,"column":5}},"3":{"start":{"line":5,"column":22},"end":{"line":5,"column":41}},"4":{"start":{"line":6,"column":8},"end":{"line":6,"column":36}},"5":{"start":{"line":8,"column":8},"end":{"line":8,"column":52}},"6":{"start":{"line":9,"column":8},"end":{"line":9,"column":67}},"7":{"start":{"line":13,"column":0},"end":{"line":27,"column":1}},"8":{"start":{"line":14,"column":4},"end":{"line":26,"column":5}},"9":{"start":{"line":15,"column":25},"end":{"line":15,"column":44}},"10":{"start":{"line":16,"column":21},"end":{"line":16,"column":45}},"11":{"start":{"line":18,"column":8},"end":{"line":20,"column":9}},"12":{"start":{"line":19,"column":12},"end":{"line":19,"column":68}},"13":{"start":{"line":22,"column":8},"end":{"line":22,"column":35}},"14":{"start":{"line":24,"column":8},"end":{"line":24,"column":50}},"15":{"start":{"line":25,"column":8},"end":{"line":25,"column":64}},"16":{"start":{"line":29,"column":0},"end":{"line":51,"column":1}},"17":{"start":{"line":30,"column":4},"end":{"line":50,"column":5}},"18":{"start":{"line":31,"column":25},"end":{"line":41,"column":9}},"19":{"start":{"line":44,"column":24},"end":{"line":44,"column":50}},"20":{"start":{"line":45,"column":8},"end":{"line":45,"column":38}},"21":{"start":{"line":48,"column":8},"end":{"line":48,"column":59}},"22":{"start":{"line":49,"column":8},"end":{"line":49,"column":70}},"23":{"start":{"line":53,"column":0},"end":{"line":71,"column":1}},"24":{"start":{"line":54,"column":17},"end":{"line":54,"column":36}},"25":{"start":{"line":60,"column":4},"end":{"line":70,"column":5}},"26":{"start":{"line":61,"column":24},"end":{"line":61,"column":46}},"27":{"start":{"line":62,"column":8},"end":{"line":66,"column":9}},"28":{"start":{"line":63,"column":12},"end":{"line":63,"column":75}},"29":{"start":{"line":65,"column":12},"end":{"line":65,"column":61}},"30":{"start":{"line":68,"column":8},"end":{"line":68,"column":51}},"31":{"start":{"line":69,"column":8},"end":{"line":69,"column":64}},"32":{"start":{"line":73,"column":0},"end":{"line":85,"column":1}},"33":{"start":{"line":78,"column":4},"end":{"line":84,"column":5}},"34":{"start":{"line":79,"column":8},"end":{"line":79,"column":30}},"35":{"start":{"line":80,"column":8},"end":{"line":80,"column":75}},"36":{"start":{"line":82,"column":8},"end":{"line":82,"column":56}},"37":{"start":{"line":83,"column":8},"end":{"line":83,"column":69}},"38":{"start":{"line":87,"column":0},"end":{"line":100,"column":1}},"39":{"start":{"line":88,"column":21},"end":{"line":88,"column":36}},"40":{"start":{"line":90,"column":4},"end":{"line":99,"column":5}},"41":{"start":{"line":91,"column":21},"end":{"line":91,"column":51}},"42":{"start":{"line":92,"column":8},"end":{"line":94,"column":9}},"43":{"start":{"line":93,"column":12},"end":{"line":93,"column":68}},"44":{"start":{"line":95,"column":8},"end":{"line":95,"column":35}},"45":{"start":{"line":97,"column":8},"end":{"line":97,"column":58}},"46":{"start":{"line":98,"column":8},"end":{"line":98,"column":64}},"47":{"start":{"line":103,"column":0},"end":{"line":146,"column":1}},"48":{"start":{"line":104,"column":4},"end":{"line":145,"column":5}},"49":{"start":{"line":106,"column":25},"end":{"line":106,"column":65}},"50":{"start":{"line":107,"column":8},"end":{"line":109,"column":9}},"51":{"start":{"line":108,"column":12},"end":{"line":108,"column":90}},"52":{"start":{"line":112,"column":26},"end":{"line":122,"column":9}},"53":{"start":{"line":125,"column":8},"end":{"line":127,"column":9}},"54":{"start":{"line":126,"column":12},"end":{"line":126,"column":117}},"55":{"start":{"line":130,"column":23},"end":{"line":130,"column":47}},"56":{"start":{"line":131,"column":8},"end":{"line":133,"column":9}},"57":{"start":{"line":132,"column":12},"end":{"line":132,"column":76}},"58":{"start":{"line":136,"column":25},"end":{"line":136,"column":69}},"59":{"start":{"line":137,"column":8},"end":{"line":137,"column":39}},"60":{"start":{"line":139,"column":8},"end":{"line":139,"column":57}},"61":{"start":{"line":141,"column":8},"end":{"line":143,"column":9}},"62":{"start":{"line":142,"column":12},"end":{"line":142,"column":87}},"63":{"start":{"line":144,"column":8},"end":{"line":144,"column":71}}},"fnMap":{"0":{"name":"(anonymous_0)","decl":{"start":{"line":3,"column":17},"end":{"line":3,"column":18}},"loc":{"start":{"line":3,"column":43},"end":{"line":11,"column":1}},"line":3},"1":{"name":"(anonymous_1)","decl":{"start":{"line":13,"column":21},"end":{"line":13,"column":22}},"loc":{"start":{"line":13,"column":47},"end":{"line":27,"column":1}},"line":13},"2":{"name":"(anonymous_2)","decl":{"start":{"line":29,"column":25},"end":{"line":29,"column":26}},"loc":{"start":{"line":29,"column":51},"end":{"line":51,"column":1}},"line":29},"3":{"name":"(anonymous_3)","decl":{"start":{"line":53,"column":20},"end":{"line":53,"column":21}},"loc":{"start":{"line":53,"column":46},"end":{"line":71,"column":1}},"line":53},"4":{"name":"(anonymous_4)","decl":{"start":{"line":73,"column":20},"end":{"line":73,"column":21}},"loc":{"start":{"line":73,"column":46},"end":{"line":85,"column":1}},"line":73},"5":{"name":"(anonymous_5)","decl":{"start":{"line":87,"column":20},"end":{"line":87,"column":21}},"loc":{"start":{"line":87,"column":46},"end":{"line":100,"column":1}},"line":87},"6":{"name":"(anonymous_6)","decl":{"start":{"line":103,"column":19},"end":{"line":103,"column":20}},"loc":{"start":{"line":103,"column":45},"end":{"line":146,"column":1}},"line":103}},"branchMap":{"0":{"loc":{"start":{"line":18,"column":8},"end":{"line":20,"column":9}},"type":"if","locations":[{"start":{"line":18,"column":8},"end":{"line":20,"column":9}},{"start":{},"end":{}}],"line":18},"1":{"loc":{"start":{"line":62,"column":8},"end":{"line":66,"column":9}},"type":"if","locations":[{"start":{"line":62,"column":8},"end":{"line":66,"column":9}},{"start":{"line":64,"column":15},"end":{"line":66,"column":9}}],"line":62},"2":{"loc":{"start":{"line":92,"column":8},"end":{"line":94,"column":9}},"type":"if","locations":[{"start":{"line":92,"column":8},"end":{"line":94,"column":9}},{"start":{},"end":{}}],"line":92},"3":{"loc":{"start":{"line":106,"column":25},"end":{"line":106,"column":65}},"type":"binary-expr","locations":[{"start":{"line":106,"column":25},"end":{"line":106,"column":44}},{"start":{"line":106,"column":48},"end":{"line":106,"column":65}}],"line":106},"4":{"loc":{"start":{"line":107,"column":8},"end":{"line":109,"column":9}},"type":"if","locations":[{"start":{"line":107,"column":8},"end":{"line":109,"column":9}},{"start":{},"end":{}}],"line":107},"5":{"loc":{"start":{"line":119,"column":18},"end":{"line":119,"column":43}},"type":"binary-expr","locations":[{"start":{"line":119,"column":18},"end":{"line":119,"column":31}},{"start":{"line":119,"column":35},"end":{"line":119,"column":43}}],"line":119},"6":{"loc":{"start":{"line":125,"column":8},"end":{"line":127,"column":9}},"type":"if","locations":[{"start":{"line":125,"column":8},"end":{"line":127,"column":9}},{"start":{},"end":{}}],"line":125},"7":{"loc":{"start":{"line":125,"column":12},"end":{"line":125,"column":93}},"type":"binary-expr","locations":[{"start":{"line":125,"column":12},"end":{"line":125,"column":31}},{"start":{"line":125,"column":35},"end":{"line":125,"column":54}},{"start":{"line":125,"column":58},"end":{"line":125,"column":74}},{"start":{"line":125,"column":78},"end":{"line":125,"column":93}}],"line":125},"8":{"loc":{"start":{"line":131,"column":8},"end":{"line":133,"column":9}},"type":"if","locations":[{"start":{"line":131,"column":8},"end":{"line":133,"column":9}},{"start":{},"end":{}}],"line":131},"9":{"loc":{"start":{"line":141,"column":8},"end":{"line":143,"column":9}},"type":"if","locations":[{"start":{"line":141,"column":8},"end":{"line":143,"column":9}},{"start":{},"end":{}}],"line":141},"10":{"loc":{"start":{"line":141,"column":12},"end":{"line":141,"column":37}},"type":"binary-expr","locations":[{"start":{"line":141,"column":12},"end":{"line":141,"column":15}},{"start":{"line":141,"column":19},"end":{"line":141,"column":37}}],"line":141}},"s":{"0":1,"1":1,"2":2,"3":2,"4":1,"5":1,"6":1,"7":1,"8":3,"9":3,"10":3,"11":2,"12":1,"13":1,"14":1,"15":1,"16":1,"17":2,"18":2,"19":2,"20":1,"21":1,"22":1,"23":1,"24":3,"25":3,"26":3,"27":2,"28":1,"29":1,"30":1,"31":1,"32":1,"33":2,"34":2,"35":1,"36":1,"37":1,"38":1,"39":2,"40":2,"41":2,"42":1,"43":0,"44":1,"45":1,"46":1,"47":1,"48":6,"49":6,"50":6,"51":1,"52":5,"53":5,"54":1,"55":4,"56":4,"57":1,"58":3,"59":1,"60":2,"61":2,"62":1,"63":1},"f":{"0":2,"1":3,"2":2,"3":3,"4":2,"5":2,"6":6},"b":{"0":[1,1],"1":[1,1],"2":[0,1],"3":[6,1],"4":[1,5],"5":[5,5],"6":[1,4],"7":[5,4,4,4],"8":[1,3],"9":[1,1],"10":[2,2]},"_coverageSchema":"1a1c01bbd47fc00a2c39e90264f33305004495a9","hash":"c6dfd733b43d093c71a0f74072ba10f574e47558"}
,"/Users/willtroisi/Coding Projects/CS482/Team-REPO-CS482Fabrizio-G-Zoe-W-Will-T-Dylan-/Docs/Baseball/Controller/gameController.js": {"path":"/Users/willtroisi/Coding Projects/CS482/Team-REPO-CS482Fabrizio-G-Zoe-W-Will-T-Dylan-/Docs/Baseball/Controller/gameController.js","statementMap":{"0":{"start":{"line":1,"column":12},"end":{"line":1,"column":42}},"1":{"start":{"line":4,"column":0},"end":{"line":21,"column":2}},"2":{"start":{"line":5,"column":4},"end":{"line":20,"column":5}},"3":{"start":{"line":6,"column":25},"end":{"line":13,"column":9}},"4":{"start":{"line":15,"column":24},"end":{"line":15,"column":50}},"5":{"start":{"line":16,"column":8},"end":{"line":16,"column":38}},"6":{"start":{"line":18,"column":8},"end":{"line":18,"column":51}},"7":{"start":{"line":19,"column":8},"end":{"line":19,"column":65}},"8":{"start":{"line":24,"column":0},"end":{"line":32,"column":2}},"9":{"start":{"line":25,"column":4},"end":{"line":31,"column":5}},"10":{"start":{"line":26,"column":22},"end":{"line":26,"column":41}},"11":{"start":{"line":27,"column":8},"end":{"line":27,"column":36}},"12":{"start":{"line":29,"column":8},"end":{"line":29,"column":52}},"13":{"start":{"line":30,"column":8},"end":{"line":30,"column":68}},"14":{"start":{"line":35,"column":0},"end":{"line":49,"column":2}},"15":{"start":{"line":36,"column":4},"end":{"line":48,"column":5}},"16":{"start":{"line":37,"column":19},"end":{"line":37,"column":32}},"17":{"start":{"line":38,"column":21},"end":{"line":38,"column":39}},"18":{"start":{"line":40,"column":8},"end":{"line":42,"column":9}},"19":{"start":{"line":41,"column":12},"end":{"line":41,"column":69}},"20":{"start":{"line":44,"column":8},"end":{"line":44,"column":35}},"21":{"start":{"line":46,"column":8},"end":{"line":46,"column":51}},"22":{"start":{"line":47,"column":8},"end":{"line":47,"column":67}},"23":{"start":{"line":52,"column":0},"end":{"line":72,"column":2}},"24":{"start":{"line":53,"column":4},"end":{"line":71,"column":5}},"25":{"start":{"line":54,"column":19},"end":{"line":54,"column":32}},"26":{"start":{"line":55,"column":35},"end":{"line":55,"column":43}},"27":{"start":{"line":57,"column":28},"end":{"line":61,"column":10}},"28":{"start":{"line":63,"column":8},"end":{"line":65,"column":9}},"29":{"start":{"line":64,"column":12},"end":{"line":64,"column":69}},"30":{"start":{"line":67,"column":8},"end":{"line":67,"column":42}},"31":{"start":{"line":69,"column":8},"end":{"line":69,"column":52}},"32":{"start":{"line":70,"column":8},"end":{"line":70,"column":66}},"33":{"start":{"line":74,"column":0},"end":{"line":110,"column":2}},"34":{"start":{"line":75,"column":4},"end":{"line":109,"column":5}},"35":{"start":{"line":76,"column":19},"end":{"line":76,"column":32}},"36":{"start":{"line":77,"column":35},"end":{"line":77,"column":43}},"37":{"start":{"line":82,"column":8},"end":{"line":88,"column":9}},"38":{"start":{"line":83,"column":12},"end":{"line":83,"column":58}},"39":{"start":{"line":84,"column":15},"end":{"line":88,"column":9}},"40":{"start":{"line":85,"column":12},"end":{"line":85,"column":58}},"41":{"start":{"line":87,"column":12},"end":{"line":87,"column":28}},"42":{"start":{"line":90,"column":29},"end":{"line":96,"column":10}},"43":{"start":{"line":98,"column":8},"end":{"line":100,"column":9}},"44":{"start":{"line":99,"column":12},"end":{"line":99,"column":69}},"45":{"start":{"line":102,"column":8},"end":{"line":105,"column":11}},"46":{"start":{"line":107,"column":8},"end":{"line":107,"column":52}},"47":{"start":{"line":108,"column":8},"end":{"line":108,"column":65}},"48":{"start":{"line":113,"column":0},"end":{"line":127,"column":2}},"49":{"start":{"line":114,"column":4},"end":{"line":126,"column":5}},"50":{"start":{"line":115,"column":19},"end":{"line":115,"column":32}},"51":{"start":{"line":116,"column":24},"end":{"line":116,"column":41}},"52":{"start":{"line":118,"column":8},"end":{"line":120,"column":9}},"53":{"start":{"line":119,"column":12},"end":{"line":119,"column":69}},"54":{"start":{"line":122,"column":8},"end":{"line":122,"column":71}},"55":{"start":{"line":124,"column":8},"end":{"line":124,"column":51}},"56":{"start":{"line":125,"column":8},"end":{"line":125,"column":65}},"57":{"start":{"line":130,"column":0},"end":{"line":138,"column":2}},"58":{"start":{"line":131,"column":4},"end":{"line":137,"column":5}},"59":{"start":{"line":132,"column":8},"end":{"line":132,"column":30}},"60":{"start":{"line":133,"column":8},"end":{"line":133,"column":76}},"61":{"start":{"line":135,"column":8},"end":{"line":135,"column":56}},"62":{"start":{"line":136,"column":8},"end":{"line":136,"column":70}}},"fnMap":{"0":{"name":"(anonymous_0)","decl":{"start":{"line":4,"column":17},"end":{"line":4,"column":18}},"loc":{"start":{"line":4,"column":43},"end":{"line":21,"column":1}},"line":4},"1":{"name":"(anonymous_1)","decl":{"start":{"line":24,"column":17},"end":{"line":24,"column":18}},"loc":{"start":{"line":24,"column":43},"end":{"line":32,"column":1}},"line":24},"2":{"name":"(anonymous_2)","decl":{"start":{"line":35,"column":17},"end":{"line":35,"column":18}},"loc":{"start":{"line":35,"column":43},"end":{"line":49,"column":1}},"line":35},"3":{"name":"(anonymous_3)","decl":{"start":{"line":52,"column":22},"end":{"line":52,"column":23}},"loc":{"start":{"line":52,"column":48},"end":{"line":72,"column":1}},"line":52},"4":{"name":"(anonymous_4)","decl":{"start":{"line":74,"column":21},"end":{"line":74,"column":22}},"loc":{"start":{"line":74,"column":47},"end":{"line":110,"column":1}},"line":74},"5":{"name":"(anonymous_5)","decl":{"start":{"line":113,"column":20},"end":{"line":113,"column":21}},"loc":{"start":{"line":113,"column":46},"end":{"line":127,"column":1}},"line":113},"6":{"name":"(anonymous_6)","decl":{"start":{"line":130,"column":20},"end":{"line":130,"column":21}},"loc":{"start":{"line":130,"column":46},"end":{"line":138,"column":1}},"line":130}},"branchMap":{"0":{"loc":{"start":{"line":9,"column":20},"end":{"line":9,"column":40}},"type":"binary-expr","locations":[{"start":{"line":9,"column":20},"end":{"line":9,"column":35}},{"start":{"line":9,"column":39},"end":{"line":9,"column":40}}],"line":9},"1":{"loc":{"start":{"line":10,"column":20},"end":{"line":10,"column":40}},"type":"binary-expr","locations":[{"start":{"line":10,"column":20},"end":{"line":10,"column":35}},{"start":{"line":10,"column":39},"end":{"line":10,"column":40}}],"line":10},"2":{"loc":{"start":{"line":40,"column":8},"end":{"line":42,"column":9}},"type":"if","locations":[{"start":{"line":40,"column":8},"end":{"line":42,"column":9}},{"start":{},"end":{}}],"line":40},"3":{"loc":{"start":{"line":63,"column":8},"end":{"line":65,"column":9}},"type":"if","locations":[{"start":{"line":63,"column":8},"end":{"line":65,"column":9}},{"start":{},"end":{}}],"line":63},"4":{"loc":{"start":{"line":82,"column":8},"end":{"line":88,"column":9}},"type":"if","locations":[{"start":{"line":82,"column":8},"end":{"line":88,"column":9}},{"start":{"line":84,"column":15},"end":{"line":88,"column":9}}],"line":82},"5":{"loc":{"start":{"line":83,"column":24},"end":{"line":83,"column":50}},"type":"binary-expr","locations":[{"start":{"line":83,"column":24},"end":{"line":83,"column":38}},{"start":{"line":83,"column":42},"end":{"line":83,"column":50}}],"line":83},"6":{"loc":{"start":{"line":84,"column":15},"end":{"line":88,"column":9}},"type":"if","locations":[{"start":{"line":84,"column":15},"end":{"line":88,"column":9}},{"start":{"line":86,"column":15},"end":{"line":88,"column":9}}],"line":84},"7":{"loc":{"start":{"line":85,"column":24},"end":{"line":85,"column":50}},"type":"binary-expr","locations":[{"start":{"line":85,"column":24},"end":{"line":85,"column":38}},{"start":{"line":85,"column":42},"end":{"line":85,"column":50}}],"line":85},"8":{"loc":{"start":{"line":98,"column":8},"end":{"line":100,"column":9}},"type":"if","locations":[{"start":{"line":98,"column":8},"end":{"line":100,"column":9}},{"start":{},"end":{}}],"line":98},"9":{"loc":{"start":{"line":118,"column":8},"end":{"line":120,"column":9}},"type":"if","locations":[{"start":{"line":118,"column":8},"end":{"line":120,"column":9}},{"start":{},"end":{}}],"line":118}},"s":{"0":1,"1":1,"2":2,"3":2,"4":2,"5":1,"6":1,"7":1,"8":1,"9":1,"10":1,"11":1,"12":0,"13":0,"14":1,"15":2,"16":2,"17":2,"18":2,"19":1,"20":1,"21":0,"22":0,"23":1,"24":2,"25":2,"26":2,"27":2,"28":2,"29":1,"30":1,"31":0,"32":0,"33":1,"34":1,"35":1,"36":1,"37":1,"38":1,"39":0,"40":0,"41":0,"42":1,"43":1,"44":0,"45":1,"46":0,"47":0,"48":1,"49":2,"50":2,"51":2,"52":2,"53":1,"54":1,"55":0,"56":0,"57":1,"58":2,"59":2,"60":1,"61":1,"62":1},"f":{"0":2,"1":1,"2":2,"3":2,"4":1,"5":2,"6":2},"b":{"0":[2,1],"1":[2,1],"2":[1,1],"3":[1,1],"4":[1,0],"5":[1,0],"6":[0,0],"7":[0,0],"8":[0,1],"9":[1,1]},"_coverageSchema":"1a1c01bbd47fc00a2c39e90264f33305004495a9","hash":"16e97e9128f14207540555dd6312bd0cb176edb8"}
,"/Users/willtroisi/Coding Projects/CS482/Team-REPO-CS482Fabrizio-G-Zoe-W-Will-T-Dylan-/Docs/Baseball/Controller/teamController.js": {"path":"/Users/willtroisi/Coding Projects/CS482/Team-REPO-CS482Fabrizio-G-Zoe-W-Will-T-Dylan-/Docs/Baseball/Controller/teamController.js","statementMap":{"0":{"start":{"line":1,"column":12},"end":{"line":1,"column":39}},"1":{"start":{"line":3,"column":11},"end":{"line":3,"column":24}},"2":{"start":{"line":7,"column":0},"end":{"line":15,"column":2}},"3":{"start":{"line":8,"column":4},"end":{"line":14,"column":5}},"4":{"start":{"line":9,"column":22},"end":{"line":9,"column":41}},"5":{"start":{"line":10,"column":8},"end":{"line":10,"column":36}},"6":{"start":{"line":12,"column":8},"end":{"line":12,"column":52}},"7":{"start":{"line":13,"column":8},"end":{"line":13,"column":68}},"8":{"start":{"line":18,"column":0},"end":{"line":32,"column":2}},"9":{"start":{"line":19,"column":4},"end":{"line":31,"column":5}},"10":{"start":{"line":20,"column":19},"end":{"line":20,"column":32}},"11":{"start":{"line":21,"column":21},"end":{"line":21,"column":39}},"12":{"start":{"line":23,"column":8},"end":{"line":25,"column":9}},"13":{"start":{"line":24,"column":12},"end":{"line":24,"column":69}},"14":{"start":{"line":27,"column":8},"end":{"line":27,"column":35}},"15":{"start":{"line":29,"column":8},"end":{"line":29,"column":51}},"16":{"start":{"line":30,"column":8},"end":{"line":30,"column":65}},"17":{"start":{"line":77,"column":0},"end":{"line":120,"column":2}},"18":{"start":{"line":78,"column":4},"end":{"line":119,"column":5}},"19":{"start":{"line":79,"column":23},"end":{"line":82,"column":7}},"20":{"start":{"line":84,"column":6},"end":{"line":89,"column":7}},"21":{"start":{"line":85,"column":8},"end":{"line":88,"column":10}},"22":{"start":{"line":91,"column":6},"end":{"line":103,"column":7}},"23":{"start":{"line":92,"column":29},"end":{"line":92,"column":57}},"24":{"start":{"line":93,"column":8},"end":{"line":95,"column":9}},"25":{"start":{"line":94,"column":10},"end":{"line":94,"column":78}},"26":{"start":{"line":97,"column":8},"end":{"line":99,"column":9}},"27":{"start":{"line":98,"column":10},"end":{"line":98,"column":44}},"28":{"start":{"line":101,"column":24},"end":{"line":101,"column":68}},"29":{"start":{"line":102,"column":8},"end":{"line":102,"column":45}},"30":{"start":{"line":105,"column":22},"end":{"line":113,"column":8}},"31":{"start":{"line":115,"column":6},"end":{"line":115,"column":36}},"32":{"start":{"line":117,"column":6},"end":{"line":117,"column":58}},"33":{"start":{"line":118,"column":6},"end":{"line":118,"column":73}},"34":{"start":{"line":123,"column":0},"end":{"line":139,"column":2}},"35":{"start":{"line":124,"column":15},"end":{"line":124,"column":28}},"36":{"start":{"line":128,"column":4},"end":{"line":138,"column":5}},"37":{"start":{"line":129,"column":24},"end":{"line":129,"column":41}},"38":{"start":{"line":130,"column":8},"end":{"line":134,"column":9}},"39":{"start":{"line":131,"column":12},"end":{"line":131,"column":75}},"40":{"start":{"line":133,"column":12},"end":{"line":133,"column":62}},"41":{"start":{"line":136,"column":8},"end":{"line":136,"column":51}},"42":{"start":{"line":137,"column":8},"end":{"line":137,"column":65}},"43":{"start":{"line":142,"column":0},"end":{"line":152,"column":2}},"44":{"start":{"line":145,"column":4},"end":{"line":151,"column":5}},"45":{"start":{"line":146,"column":8},"end":{"line":146,"column":30}},"46":{"start":{"line":147,"column":8},"end":{"line":147,"column":76}},"47":{"start":{"line":149,"column":8},"end":{"line":149,"column":56}},"48":{"start":{"line":150,"column":8},"end":{"line":150,"column":70}},"49":{"start":{"line":155,"column":0},"end":{"line":168,"column":2}},"50":{"start":{"line":156,"column":21},"end":{"line":156,"column":36}},"51":{"start":{"line":158,"column":4},"end":{"line":167,"column":5}},"52":{"start":{"line":159,"column":21},"end":{"line":159,"column":51}},"53":{"start":{"line":160,"column":8},"end":{"line":162,"column":9}},"54":{"start":{"line":161,"column":12},"end":{"line":161,"column":69}},"55":{"start":{"line":163,"column":8},"end":{"line":163,"column":35}},"56":{"start":{"line":165,"column":8},"end":{"line":165,"column":58}},"57":{"start":{"line":166,"column":8},"end":{"line":166,"column":65}}},"fnMap":{"0":{"name":"(anonymous_0)","decl":{"start":{"line":7,"column":17},"end":{"line":7,"column":18}},"loc":{"start":{"line":7,"column":43},"end":{"line":15,"column":1}},"line":7},"1":{"name":"(anonymous_1)","decl":{"start":{"line":18,"column":17},"end":{"line":18,"column":18}},"loc":{"start":{"line":18,"column":43},"end":{"line":32,"column":1}},"line":18},"2":{"name":"(anonymous_2)","decl":{"start":{"line":77,"column":25},"end":{"line":77,"column":26}},"loc":{"start":{"line":77,"column":51},"end":{"line":120,"column":1}},"line":77},"3":{"name":"(anonymous_3)","decl":{"start":{"line":123,"column":20},"end":{"line":123,"column":21}},"loc":{"start":{"line":123,"column":46},"end":{"line":139,"column":1}},"line":123},"4":{"name":"(anonymous_4)","decl":{"start":{"line":142,"column":20},"end":{"line":142,"column":21}},"loc":{"start":{"line":142,"column":46},"end":{"line":152,"column":1}},"line":142},"5":{"name":"(anonymous_5)","decl":{"start":{"line":155,"column":20},"end":{"line":155,"column":21}},"loc":{"start":{"line":155,"column":46},"end":{"line":168,"column":1}},"line":155}},"branchMap":{"0":{"loc":{"start":{"line":23,"column":8},"end":{"line":25,"column":9}},"type":"if","locations":[{"start":{"line":23,"column":8},"end":{"line":25,"column":9}},{"start":{},"end":{}}],"line":23},"1":{"loc":{"start":{"line":84,"column":6},"end":{"line":89,"column":7}},"type":"if","locations":[{"start":{"line":84,"column":6},"end":{"line":89,"column":7}},{"start":{},"end":{}}],"line":84},"2":{"loc":{"start":{"line":91,"column":6},"end":{"line":103,"column":7}},"type":"if","locations":[{"start":{"line":91,"column":6},"end":{"line":103,"column":7}},{"start":{},"end":{}}],"line":91},"3":{"loc":{"start":{"line":93,"column":8},"end":{"line":95,"column":9}},"type":"if","locations":[{"start":{"line":93,"column":8},"end":{"line":95,"column":9}},{"start":{},"end":{}}],"line":93},"4":{"loc":{"start":{"line":97,"column":8},"end":{"line":99,"column":9}},"type":"if","locations":[{"start":{"line":97,"column":8},"end":{"line":99,"column":9}},{"start":{},"end":{}}],"line":97},"5":{"loc":{"start":{"line":130,"column":8},"end":{"line":134,"column":9}},"type":"if","locations":[{"start":{"line":130,"column":8},"end":{"line":134,"column":9}},{"start":{"line":132,"column":15},"end":{"line":134,"column":9}}],"line":130},"6":{"loc":{"start":{"line":160,"column":8},"end":{"line":162,"column":9}},"type":"if","locations":[{"start":{"line":160,"column":8},"end":{"line":162,"column":9}},{"start":{},"end":{}}],"line":160}},"s":{"0":1,"1":1,"2":1,"3":2,"4":2,"5":1,"6":1,"7":1,"8":1,"9":3,"10":3,"11":3,"12":2,"13":1,"14":1,"15":1,"16":1,"17":1,"18":2,"19":2,"20":2,"21":0,"22":2,"23":0,"24":0,"25":0,"26":0,"27":0,"28":0,"29":0,"30":2,"31":1,"32":1,"33":1,"34":1,"35":3,"36":3,"37":3,"38":2,"39":1,"40":1,"41":1,"42":1,"43":1,"44":2,"45":2,"46":1,"47":1,"48":1,"49":1,"50":3,"51":3,"52":3,"53":2,"54":1,"55":1,"56":1,"57":1},"f":{"0":2,"1":3,"2":2,"3":3,"4":2,"5":3},"b":{"0":[1,1],"1":[0,2],"2":[0,2],"3":[0,0],"4":[0,0],"5":[1,1],"6":[1,1]},"_coverageSchema":"1a1c01bbd47fc00a2c39e90264f33305004495a9","hash":"a5810bbabc563f25171a6aae14ee3deeee4633ed"}
,"/Users/willtroisi/Coding Projects/CS482/Team-REPO-CS482Fabrizio-G-Zoe-W-Will-T-Dylan-/Docs/Baseball/Model/UserDao.js": {"path":"/Users/willtroisi/Coding Projects/CS482/Team-REPO-CS482Fabrizio-G-Zoe-W-Will-T-Dylan-/Docs/Baseball/Model/UserDao.js","statementMap":{"0":{"start":{"line":1,"column":17},"end":{"line":1,"column":36}},"1":{"start":{"line":3,"column":19},"end":{"line":14,"column":2}},"2":{"start":{"line":16,"column":18},"end":{"line":16,"column":52}},"3":{"start":{"line":18,"column":0},"end":{"line":22,"column":1}},"4":{"start":{"line":19,"column":17},"end":{"line":19,"column":39}},"5":{"start":{"line":20,"column":4},"end":{"line":20,"column":22}},"6":{"start":{"line":21,"column":4},"end":{"line":21,"column":16}},"7":{"start":{"line":25,"column":0},"end":{"line":34,"column":1}},"8":{"start":{"line":27,"column":17},"end":{"line":27,"column":45}},"9":{"start":{"line":28,"column":4},"end":{"line":28,"column":41}},"10":{"start":{"line":28,"column":20},"end":{"line":28,"column":41}},"11":{"start":{"line":29,"column":4},"end":{"line":29,"column":27}},"12":{"start":{"line":31,"column":18},"end":{"line":31,"column":37}},"13":{"start":{"line":32,"column":4},"end":{"line":32,"column":23}},"14":{"start":{"line":33,"column":4},"end":{"line":33,"column":17}},"15":{"start":{"line":36,"column":0},"end":{"line":39,"column":1}},"16":{"start":{"line":37,"column":17},"end":{"line":37,"column":45}},"17":{"start":{"line":38,"column":4},"end":{"line":38,"column":16}},"18":{"start":{"line":41,"column":0},"end":{"line":44,"column":1}},"19":{"start":{"line":42,"column":18},"end":{"line":42,"column":40}},"20":{"start":{"line":43,"column":4},"end":{"line":43,"column":17}},"21":{"start":{"line":46,"column":0},"end":{"line":49,"column":1}},"22":{"start":{"line":47,"column":17},"end":{"line":47,"column":59}},"23":{"start":{"line":48,"column":4},"end":{"line":48,"column":16}},"24":{"start":{"line":51,"column":0},"end":{"line":54,"column":1}},"25":{"start":{"line":52,"column":17},"end":{"line":52,"column":59}},"26":{"start":{"line":53,"column":4},"end":{"line":53,"column":16}},"27":{"start":{"line":56,"column":0},"end":{"line":58,"column":1}},"28":{"start":{"line":57,"column":4},"end":{"line":57,"column":40}},"29":{"start":{"line":60,"column":0},"end":{"line":67,"column":1}},"30":{"start":{"line":61,"column":20},"end":{"line":61,"column":47}},"31":{"start":{"line":62,"column":4},"end":{"line":66,"column":5}},"32":{"start":{"line":63,"column":8},"end":{"line":63,"column":61}},"33":{"start":{"line":65,"column":8},"end":{"line":65,"column":62}}},"fnMap":{"0":{"name":"(anonymous_0)","decl":{"start":{"line":18,"column":17},"end":{"line":18,"column":18}},"loc":{"start":{"line":18,"column":41},"end":{"line":22,"column":1}},"line":18},"1":{"name":"(anonymous_1)","decl":{"start":{"line":25,"column":22},"end":{"line":25,"column":23}},"loc":{"start":{"line":25,"column":58},"end":{"line":34,"column":1}},"line":25},"2":{"name":"(anonymous_2)","decl":{"start":{"line":36,"column":15},"end":{"line":36,"column":16}},"loc":{"start":{"line":36,"column":34},"end":{"line":39,"column":1}},"line":36},"3":{"name":"(anonymous_3)","decl":{"start":{"line":41,"column":18},"end":{"line":41,"column":19}},"loc":{"start":{"line":41,"column":35},"end":{"line":44,"column":1}},"line":41},"4":{"name":"(anonymous_4)","decl":{"start":{"line":46,"column":21},"end":{"line":46,"column":22}},"loc":{"start":{"line":46,"column":46},"end":{"line":49,"column":1}},"line":46},"5":{"name":"(anonymous_5)","decl":{"start":{"line":51,"column":17},"end":{"line":51,"column":18}},"loc":{"start":{"line":51,"column":42},"end":{"line":54,"column":1}},"line":51},"6":{"name":"(anonymous_6)","decl":{"start":{"line":56,"column":20},"end":{"line":56,"column":21}},"loc":{"start":{"line":56,"column":37},"end":{"line":58,"column":1}},"line":56},"7":{"name":"(anonymous_7)","decl":{"start":{"line":60,"column":17},"end":{"line":60,"column":18}},"loc":{"start":{"line":60,"column":34},"end":{"line":67,"column":1}},"line":60}},"branchMap":{"0":{"loc":{"start":{"line":28,"column":4},"end":{"line":28,"column":41}},"type":"if","locations":[{"start":{"line":28,"column":4},"end":{"line":28,"column":41}},{"start":{},"end":{}}],"line":28},"1":{"loc":{"start":{"line":62,"column":4},"end":{"line":66,"column":5}},"type":"if","locations":[{"start":{"line":62,"column":4},"end":{"line":66,"column":5}},{"start":{"line":64,"column":11},"end":{"line":66,"column":5}}],"line":62}},"s":{"0":2,"1":2,"2":2,"3":2,"4":1,"5":1,"6":0,"7":2,"8":0,"9":0,"10":0,"11":0,"12":0,"13":0,"14":0,"15":2,"16":0,"17":0,"18":2,"19":0,"20":0,"21":2,"22":0,"23":0,"24":2,"25":0,"26":0,"27":2,"28":1,"29":2,"30":0,"31":0,"32":0,"33":0},"f":{"0":1,"1":0,"2":0,"3":0,"4":0,"5":0,"6":1,"7":0},"b":{"0":[0,0],"1":[0,0]},"_coverageSchema":"1a1c01bbd47fc00a2c39e90264f33305004495a9","hash":"24dd2f501715536d36ec95621769e8ae76aaaf8d"}
,"/Users/willtroisi/Coding Projects/CS482/Team-REPO-CS482Fabrizio-G-Zoe-W-Will-T-Dylan-/Docs/Baseball/Model/gameDao.js": {"path":"/Users/willtroisi/Coding Projects/CS482/Team-REPO-CS482Fabrizio-G-Zoe-W-Will-T-Dylan-/Docs/Baseball/Model/gameDao.js","statementMap":{"0":{"start":{"line":1,"column":17},"end":{"line":1,"column":36}},"1":{"start":{"line":3,"column":19},"end":{"line":12,"column":2}},"2":{"start":{"line":15,"column":18},"end":{"line":15,"column":52}},"3":{"start":{"line":19,"column":0},"end":{"line":23,"column":2}},"4":{"start":{"line":20,"column":17},"end":{"line":20,"column":39}},"5":{"start":{"line":21,"column":4},"end":{"line":21,"column":22}},"6":{"start":{"line":22,"column":4},"end":{"line":22,"column":16}},"7":{"start":{"line":26,"column":0},"end":{"line":29,"column":2}},"8":{"start":{"line":27,"column":15},"end":{"line":27,"column":43}},"9":{"start":{"line":28,"column":4},"end":{"line":28,"column":16}},"10":{"start":{"line":32,"column":0},"end":{"line":35,"column":2}},"11":{"start":{"line":33,"column":16},"end":{"line":33,"column":38}},"12":{"start":{"line":34,"column":4},"end":{"line":34,"column":17}},"13":{"start":{"line":38,"column":0},"end":{"line":41,"column":2}},"14":{"start":{"line":39,"column":15},"end":{"line":39,"column":70}},"15":{"start":{"line":40,"column":4},"end":{"line":40,"column":16}},"16":{"start":{"line":44,"column":0},"end":{"line":47,"column":2}},"17":{"start":{"line":45,"column":15},"end":{"line":45,"column":52}},"18":{"start":{"line":46,"column":4},"end":{"line":46,"column":16}},"19":{"start":{"line":50,"column":0},"end":{"line":52,"column":2}},"20":{"start":{"line":51,"column":4},"end":{"line":51,"column":33}},"21":{"start":{"line":55,"column":0},"end":{"line":58,"column":2}},"22":{"start":{"line":56,"column":2},"end":{"line":56,"column":54}},"23":{"start":{"line":57,"column":2},"end":{"line":57,"column":42}}},"fnMap":{"0":{"name":"(anonymous_0)","decl":{"start":{"line":19,"column":17},"end":{"line":19,"column":18}},"loc":{"start":{"line":19,"column":41},"end":{"line":23,"column":1}},"line":19},"1":{"name":"(anonymous_1)","decl":{"start":{"line":26,"column":15},"end":{"line":26,"column":16}},"loc":{"start":{"line":26,"column":34},"end":{"line":29,"column":1}},"line":26},"2":{"name":"(anonymous_2)","decl":{"start":{"line":32,"column":18},"end":{"line":32,"column":19}},"loc":{"start":{"line":32,"column":35},"end":{"line":35,"column":1}},"line":32},"3":{"name":"(anonymous_3)","decl":{"start":{"line":38,"column":22},"end":{"line":38,"column":23}},"loc":{"start":{"line":38,"column":51},"end":{"line":41,"column":1}},"line":38},"4":{"name":"(anonymous_4)","decl":{"start":{"line":44,"column":14},"end":{"line":44,"column":15}},"loc":{"start":{"line":44,"column":33},"end":{"line":47,"column":1}},"line":44},"5":{"name":"(anonymous_5)","decl":{"start":{"line":50,"column":20},"end":{"line":50,"column":21}},"loc":{"start":{"line":50,"column":37},"end":{"line":52,"column":1}},"line":50},"6":{"name":"(anonymous_6)","decl":{"start":{"line":55,"column":17},"end":{"line":55,"column":18}},"loc":{"start":{"line":55,"column":50},"end":{"line":58,"column":1}},"line":55}},"branchMap":{},"s":{"0":2,"1":2,"2":2,"3":2,"4":9,"5":9,"6":9,"7":2,"8":2,"9":2,"10":2,"11":2,"12":2,"13":2,"14":1,"15":1,"16":2,"17":1,"18":1,"19":2,"20":8,"21":2,"22":1,"23":1},"f":{"0":9,"1":2,"2":2,"3":1,"4":1,"5":8,"6":1},"b":{},"_coverageSchema":"1a1c01bbd47fc00a2c39e90264f33305004495a9","hash":"1dcfc97b51fc93d38be7bf53e95fe47ee03a86e4"}
,"/Users/willtroisi/Coding Projects/CS482/Team-REPO-CS482Fabrizio-G-Zoe-W-Will-T-Dylan-/Docs/Baseball/Model/teamDao.js": {"path":"/Users/willtroisi/Coding Projects/CS482/Team-REPO-CS482Fabrizio-G-Zoe-W-Will-T-Dylan-/Docs/Baseball/Model/teamDao.js","statementMap":{"0":{"start":{"line":1,"column":17},"end":{"line":1,"column":36}},"1":{"start":{"line":19,"column":19},"end":{"line":32,"column":2}},"2":{"start":{"line":36,"column":18},"end":{"line":36,"column":52}},"3":{"start":{"line":38,"column":0},"end":{"line":46,"column":1}},"4":{"start":{"line":40,"column":17},"end":{"line":40,"column":39}},"5":{"start":{"line":41,"column":4},"end":{"line":41,"column":22}},"6":{"start":{"line":42,"column":4},"end":{"line":42,"column":16}},"7":{"start":{"line":48,"column":0},"end":{"line":51,"column":1}},"8":{"start":{"line":49,"column":15},"end":{"line":49,"column":43}},"9":{"start":{"line":50,"column":4},"end":{"line":50,"column":16}},"10":{"start":{"line":53,"column":0},"end":{"line":57,"column":1}},"11":{"start":{"line":54,"column":15},"end":{"line":54,"column":57}},"12":{"start":{"line":55,"column":4},"end":{"line":55,"column":16}},"13":{"start":{"line":60,"column":0},"end":{"line":63,"column":1}},"14":{"start":{"line":61,"column":16},"end":{"line":61,"column":38}},"15":{"start":{"line":62,"column":4},"end":{"line":62,"column":17}},"16":{"start":{"line":65,"column":0},"end":{"line":68,"column":1}},"17":{"start":{"line":66,"column":15},"end":{"line":66,"column":52}},"18":{"start":{"line":67,"column":4},"end":{"line":67,"column":16}},"19":{"start":{"line":71,"column":0},"end":{"line":73,"column":1}},"20":{"start":{"line":72,"column":4},"end":{"line":72,"column":33}},"21":{"start":{"line":75,"column":0},"end":{"line":85,"column":1}},"22":{"start":{"line":77,"column":20},"end":{"line":77,"column":73}},"23":{"start":{"line":79,"column":4},"end":{"line":83,"column":5}},"24":{"start":{"line":80,"column":8},"end":{"line":80,"column":45}},"25":{"start":{"line":82,"column":8},"end":{"line":82,"column":62}},"26":{"start":{"line":87,"column":0},"end":{"line":90,"column":2}},"27":{"start":{"line":88,"column":24},"end":{"line":88,"column":91}},"28":{"start":{"line":89,"column":4},"end":{"line":89,"column":23}}},"fnMap":{"0":{"name":"(anonymous_0)","decl":{"start":{"line":38,"column":17},"end":{"line":38,"column":18}},"loc":{"start":{"line":38,"column":40},"end":{"line":46,"column":1}},"line":38},"1":{"name":"(anonymous_1)","decl":{"start":{"line":48,"column":15},"end":{"line":48,"column":16}},"loc":{"start":{"line":48,"column":33},"end":{"line":51,"column":1}},"line":48},"2":{"name":"(anonymous_2)","decl":{"start":{"line":53,"column":21},"end":{"line":53,"column":22}},"loc":{"start":{"line":53,"column":45},"end":{"line":57,"column":1}},"line":53},"3":{"name":"(anonymous_3)","decl":{"start":{"line":60,"column":18},"end":{"line":60,"column":19}},"loc":{"start":{"line":60,"column":34},"end":{"line":63,"column":1}},"line":60},"4":{"name":"(anonymous_4)","decl":{"start":{"line":65,"column":14},"end":{"line":65,"column":15}},"loc":{"start":{"line":65,"column":32},"end":{"line":68,"column":1}},"line":65},"5":{"name":"(anonymous_5)","decl":{"start":{"line":71,"column":20},"end":{"line":71,"column":21}},"loc":{"start":{"line":71,"column":36},"end":{"line":73,"column":1}},"line":71},"6":{"name":"(anonymous_6)","decl":{"start":{"line":75,"column":17},"end":{"line":75,"column":18}},"loc":{"start":{"line":75,"column":48},"end":{"line":85,"column":1}},"line":75},"7":{"name":"(anonymous_7)","decl":{"start":{"line":87,"column":21},"end":{"line":87,"column":22}},"loc":{"start":{"line":87,"column":56},"end":{"line":90,"column":1}},"line":87}},"branchMap":{"0":{"loc":{"start":{"line":79,"column":4},"end":{"line":83,"column":5}},"type":"if","locations":[{"start":{"line":79,"column":4},"end":{"line":83,"column":5}},{"start":{"line":81,"column":11},"end":{"line":83,"column":5}}],"line":79}},"s":{"0":2,"1":2,"2":2,"3":2,"4":9,"5":9,"6":9,"7":2,"8":2,"9":2,"10":2,"11":2,"12":2,"13":2,"14":2,"15":2,"16":2,"17":1,"18":1,"19":2,"20":8,"21":2,"22":1,"23":1,"24":1,"25":0,"26":2,"27":0,"28":0},"f":{"0":9,"1":2,"2":2,"3":2,"4":1,"5":8,"6":1,"7":0},"b":{"0":[1,0]},"_coverageSchema":"1a1c01bbd47fc00a2c39e90264f33305004495a9","hash":"d30427fcff10b7ea3c45bfcf55c36282a7ec0c74"}
}
