TN:
SF:DBConnection.js
FN:3,(anonymous_0)
FN:8,(anonymous_1)
FN:9,(anonymous_2)
FN:11,(anonymous_3)
FNF:4
FNH:4
FNDA:4,(anonymous_0)
FNDA:2,(anonymous_1)
FNDA:2,(anonymous_2)
FNDA:2,(anonymous_3)
DA:1,3
DA:3,3
DA:4,4
DA:5,4
DA:6,4
DA:7,4
DA:8,2
DA:9,2
DA:11,3
DA:12,2
LF:10
LH:10
BRDA:5,0,0,0
BRDA:5,0,1,4
BRF:2
BRH:1
end_of_record
TN:
SF:Docs/Baseball/Controller/UserController.js
FN:3,(anonymous_0)
FN:13,(anonymous_1)
FN:29,(anonymous_2)
FN:53,(anonymous_3)
FN:73,(anonymous_4)
FN:87,(anonymous_5)
FN:103,(anonymous_6)
FNF:7
FNH:7
FNDA:2,(anonymous_0)
FNDA:3,(anonymous_1)
FNDA:2,(anonymous_2)
FNDA:3,(anonymous_3)
FNDA:2,(anonymous_4)
FNDA:2,(anonymous_5)
FNDA:6,(anonymous_6)
DA:1,1
DA:3,1
DA:4,2
DA:5,2
DA:6,1
DA:8,1
DA:9,1
DA:13,1
DA:14,3
DA:15,3
DA:16,3
DA:18,2
DA:19,1
DA:22,1
DA:24,1
DA:25,1
DA:29,1
DA:30,2
DA:31,2
DA:44,2
DA:45,1
DA:48,1
DA:49,1
DA:53,1
DA:54,3
DA:60,3
DA:61,3
DA:62,2
DA:63,1
DA:65,1
DA:68,1
DA:69,1
DA:73,1
DA:78,2
DA:79,2
DA:80,1
DA:82,1
DA:83,1
DA:87,1
DA:88,2
DA:90,2
DA:91,2
DA:92,1
DA:93,0
DA:95,1
DA:97,1
DA:98,1
DA:103,1
DA:104,6
DA:106,6
DA:107,6
DA:108,1
DA:112,5
DA:125,5
DA:126,1
DA:130,4
DA:131,4
DA:132,1
DA:136,3
DA:137,1
DA:139,2
DA:141,2
DA:142,1
DA:144,1
LF:64
LH:63
BRDA:18,0,0,1
BRDA:18,0,1,1
BRDA:62,1,0,1
BRDA:62,1,1,1
BRDA:92,2,0,0
BRDA:92,2,1,1
BRDA:106,3,0,6
BRDA:106,3,1,1
BRDA:107,4,0,1
BRDA:107,4,1,5
BRDA:119,5,0,5
BRDA:119,5,1,5
BRDA:125,6,0,1
BRDA:125,6,1,4
BRDA:125,7,0,5
BRDA:125,7,1,4
BRDA:125,7,2,4
BRDA:125,7,3,4
BRDA:131,8,0,1
BRDA:131,8,1,3
BRDA:141,9,0,1
BRDA:141,9,1,1
BRDA:141,10,0,2
BRDA:141,10,1,2
BRF:24
BRH:23
end_of_record
TN:
SF:Docs/Baseball/Controller/gameController.js
FN:4,(anonymous_0)
FN:24,(anonymous_1)
FN:35,(anonymous_2)
FN:52,(anonymous_3)
FN:74,(anonymous_4)
FN:113,(anonymous_5)
FN:130,(anonymous_6)
FNF:7
FNH:7
FNDA:2,(anonymous_0)
FNDA:1,(anonymous_1)
FNDA:2,(anonymous_2)
FNDA:2,(anonymous_3)
FNDA:1,(anonymous_4)
FNDA:2,(anonymous_5)
FNDA:2,(anonymous_6)
DA:1,1
DA:4,1
DA:5,2
DA:6,2
DA:15,2
DA:16,1
DA:18,1
DA:19,1
DA:24,1
DA:25,1
DA:26,1
DA:27,1
DA:29,0
DA:30,0
DA:35,1
DA:36,2
DA:37,2
DA:38,2
DA:40,2
DA:41,1
DA:44,1
DA:46,0
DA:47,0
DA:52,1
DA:53,2
DA:54,2
DA:55,2
DA:57,2
DA:63,2
DA:64,1
DA:67,1
DA:69,0
DA:70,0
DA:74,1
DA:75,1
DA:76,1
DA:77,1
DA:82,1
DA:83,1
DA:84,0
DA:85,0
DA:87,0
DA:90,1
DA:98,1
DA:99,0
DA:102,1
DA:107,0
DA:108,0
DA:113,1
DA:114,2
DA:115,2
DA:116,2
DA:118,2
DA:119,1
DA:122,1
DA:124,0
DA:125,0
DA:130,1
DA:131,2
DA:132,2
DA:133,1
DA:135,1
DA:136,1
LF:63
LH:49
BRDA:9,0,0,2
BRDA:9,0,1,1
BRDA:10,1,0,2
BRDA:10,1,1,1
BRDA:40,2,0,1
BRDA:40,2,1,1
BRDA:63,3,0,1
BRDA:63,3,1,1
BRDA:82,4,0,1
BRDA:82,4,1,0
BRDA:83,5,0,1
BRDA:83,5,1,0
BRDA:84,6,0,0
BRDA:84,6,1,0
BRDA:85,7,0,0
BRDA:85,7,1,0
BRDA:98,8,0,0
BRDA:98,8,1,1
BRDA:118,9,0,1
BRDA:118,9,1,1
BRF:20
BRH:13
end_of_record
TN:
SF:Docs/Baseball/Controller/teamController.js
FN:7,(anonymous_0)
FN:18,(anonymous_1)
FN:77,(anonymous_2)
FN:123,(anonymous_3)
FN:142,(anonymous_4)
FN:155,(anonymous_5)
FNF:6
FNH:6
FNDA:2,(anonymous_0)
FNDA:3,(anonymous_1)
FNDA:2,(anonymous_2)
FNDA:3,(anonymous_3)
FNDA:2,(anonymous_4)
FNDA:3,(anonymous_5)
DA:1,1
DA:3,1
DA:7,1
DA:8,2
DA:9,2
DA:10,1
DA:12,1
DA:13,1
DA:18,1
DA:19,3
DA:20,3
DA:21,3
DA:23,2
DA:24,1
DA:27,1
DA:29,1
DA:30,1
DA:77,1
DA:78,2
DA:79,2
DA:84,2
DA:85,0
DA:91,2
DA:92,0
DA:93,0
DA:94,0
DA:97,0
DA:98,0
DA:101,0
DA:102,0
DA:105,2
DA:115,1
DA:117,1
DA:118,1
DA:123,1
DA:124,3
DA:128,3
DA:129,3
DA:130,2
DA:131,1
DA:133,1
DA:136,1
DA:137,1
DA:142,1
DA:145,2
DA:146,2
DA:147,1
DA:149,1
DA:150,1
DA:155,1
DA:156,3
DA:158,3
DA:159,3
DA:160,2
DA:161,1
DA:163,1
DA:165,1
DA:166,1
LF:58
LH:50
BRDA:23,0,0,1
BRDA:23,0,1,1
BRDA:84,1,0,0
BRDA:84,1,1,2
BRDA:91,2,0,0
BRDA:91,2,1,2
BRDA:93,3,0,0
BRDA:93,3,1,0
BRDA:97,4,0,0
BRDA:97,4,1,0
BRDA:130,5,0,1
BRDA:130,5,1,1
BRDA:160,6,0,1
BRDA:160,6,1,1
BRF:14
BRH:8
end_of_record
TN:
SF:Docs/Baseball/Model/UserDao.js
FN:18,(anonymous_0)
FN:25,(anonymous_1)
FN:36,(anonymous_2)
FN:41,(anonymous_3)
FN:46,(anonymous_4)
FN:51,(anonymous_5)
FN:56,(anonymous_6)
FN:60,(anonymous_7)
FNF:8
FNH:2
FNDA:1,(anonymous_0)
FNDA:0,(anonymous_1)
FNDA:0,(anonymous_2)
FNDA:0,(anonymous_3)
FNDA:0,(anonymous_4)
FNDA:0,(anonymous_5)
FNDA:1,(anonymous_6)
FNDA:0,(anonymous_7)
DA:1,2
DA:3,2
DA:16,2
DA:18,2
DA:19,1
DA:20,1
DA:21,0
DA:25,2
DA:27,0
DA:28,0
DA:29,0
DA:31,0
DA:32,0
DA:33,0
DA:36,2
DA:37,0
DA:38,0
DA:41,2
DA:42,0
DA:43,0
DA:46,2
DA:47,0
DA:48,0
DA:51,2
DA:52,0
DA:53,0
DA:56,2
DA:57,1
DA:60,2
DA:61,0
DA:62,0
DA:63,0
DA:65,0
LF:33
LH:14
BRDA:28,0,0,0
BRDA:28,0,1,0
BRDA:62,1,0,0
BRDA:62,1,1,0
BRF:4
BRH:0
end_of_record
TN:
SF:Docs/Baseball/Model/gameDao.js
FN:19,(anonymous_0)
FN:26,(anonymous_1)
FN:32,(anonymous_2)
FN:38,(anonymous_3)
FN:44,(anonymous_4)
FN:50,(anonymous_5)
FN:55,(anonymous_6)
FNF:7
FNH:7
FNDA:9,(anonymous_0)
FNDA:2,(anonymous_1)
FNDA:2,(anonymous_2)
FNDA:1,(anonymous_3)
FNDA:1,(anonymous_4)
FNDA:8,(anonymous_5)
FNDA:1,(anonymous_6)
DA:1,2
DA:3,2
DA:15,2
DA:19,2
DA:20,9
DA:21,9
DA:22,9
DA:26,2
DA:27,2
DA:28,2
DA:32,2
DA:33,2
DA:34,2
DA:38,2
DA:39,1
DA:40,1
DA:44,2
DA:45,1
DA:46,1
DA:50,2
DA:51,8
DA:55,2
DA:56,1
DA:57,1
LF:24
LH:24
BRF:0
BRH:0
end_of_record
TN:
SF:Docs/Baseball/Model/teamDao.js
FN:38,(anonymous_0)
FN:48,(anonymous_1)
FN:53,(anonymous_2)
FN:60,(anonymous_3)
FN:65,(anonymous_4)
FN:71,(anonymous_5)
FN:75,(anonymous_6)
FN:87,(anonymous_7)
FNF:8
FNH:7
FNDA:9,(anonymous_0)
FNDA:2,(anonymous_1)
FNDA:2,(anonymous_2)
FNDA:2,(anonymous_3)
FNDA:1,(anonymous_4)
FNDA:8,(anonymous_5)
FNDA:1,(anonymous_6)
FNDA:0,(anonymous_7)
DA:1,2
DA:19,2
DA:36,2
DA:38,2
DA:40,9
DA:41,9
DA:42,9
DA:48,2
DA:49,2
DA:50,2
DA:53,2
DA:54,2
DA:55,2
DA:60,2
DA:61,2
DA:62,2
DA:65,2
DA:66,1
DA:67,1
DA:71,2
DA:72,8
DA:75,2
DA:77,1
DA:79,1
DA:80,1
DA:82,0
DA:87,2
DA:88,0
DA:89,0
LF:29
LH:26
BRDA:79,0,0,1
BRDA:79,0,1,0
BRF:2
BRH:1
end_of_record
