TN:
SF:DBConnection.js
FN:3,(anonymous_0)
FN:8,(anonymous_1)
FN:9,(anonymous_2)
FN:11,(anonymous_3)
FNF:4
FNH:4
FNDA:3,(anonymous_0)
FNDA:1,(anonymous_1)
FNDA:2,(anonymous_2)
FNDA:1,(anonymous_3)
DA:1,2
DA:3,2
DA:4,3
DA:5,3
DA:6,3
DA:7,3
DA:8,1
DA:9,2
DA:11,2
DA:12,1
LF:10
LH:10
BRDA:5,0,0,0
BRDA:5,0,1,3
BRF:2
BRH:1
end_of_record
TN:
SF:Docs/Baseball/Controller/UserController.js
FN:3,(anonymous_0)
FN:13,(anonymous_1)
FN:29,(anonymous_2)
FN:53,(anonymous_3)
FN:73,(anonymous_4)
FN:87,(anonymous_5)
FNF:6
FNH:6
FNDA:2,(anonymous_0)
FNDA:3,(anonymous_1)
FNDA:2,(anonymous_2)
FNDA:3,(anonymous_3)
FNDA:2,(anonymous_4)
FNDA:2,(anonymous_5)
DA:1,1
DA:3,1
DA:4,2
DA:5,2
DA:6,1
DA:8,1
DA:9,1
DA:13,1
DA:14,3
DA:15,3
DA:16,3
DA:18,2
DA:19,1
DA:22,1
DA:24,1
DA:25,1
DA:29,1
DA:30,2
DA:31,2
DA:44,2
DA:45,1
DA:48,1
DA:49,1
DA:53,1
DA:54,3
DA:60,3
DA:61,3
DA:62,2
DA:63,1
DA:65,1
DA:68,1
DA:69,1
DA:73,1
DA:78,2
DA:79,2
DA:80,1
DA:82,1
DA:83,1
DA:87,1
DA:88,2
DA:90,2
DA:91,2
DA:92,1
DA:93,0
DA:95,1
DA:97,1
DA:98,1
LF:47
LH:46
BRDA:18,0,0,1
BRDA:18,0,1,1
BRDA:62,1,0,1
BRDA:62,1,1,1
BRDA:92,2,0,0
BRDA:92,2,1,1
BRF:6
BRH:5
end_of_record
TN:
SF:Docs/Baseball/Model/UserDao.js
FN:17,(anonymous_0)
FN:23,(anonymous_1)
FN:28,(anonymous_2)
FN:33,(anonymous_3)
FN:38,(anonymous_4)
FN:43,(anonymous_5)
FN:47,(anonymous_6)
FNF:7
FNH:2
FNDA:1,(anonymous_0)
FNDA:0,(anonymous_1)
FNDA:0,(anonymous_2)
FNDA:0,(anonymous_3)
FNDA:0,(anonymous_4)
FNDA:1,(anonymous_5)
FNDA:0,(anonymous_6)
DA:1,2
DA:3,2
DA:15,2
DA:17,2
DA:18,1
DA:19,1
DA:20,0
DA:23,2
DA:24,0
DA:25,0
DA:28,2
DA:29,0
DA:30,0
DA:33,2
DA:34,0
DA:35,0
DA:38,2
DA:39,0
DA:40,0
DA:43,2
DA:44,1
DA:47,2
DA:48,0
DA:49,0
DA:50,0
DA:52,0
LF:26
LH:13
BRDA:49,0,0,0
BRDA:49,0,1,0
BRF:2
BRH:0
end_of_record
TN:
SF:Docs/Baseball/Model/teamDao.js
FN:21,(anonymous_0)
FN:31,(anonymous_1)
FN:36,(anonymous_2)
FN:43,(anonymous_3)
FN:48,(anonymous_4)
FN:54,(anonymous_5)
FN:58,(anonymous_6)
FNF:7
FNH:7
FNDA:9,(anonymous_0)
FNDA:2,(anonymous_1)
FNDA:2,(anonymous_2)
FNDA:2,(anonymous_3)
FNDA:1,(anonymous_4)
FNDA:8,(anonymous_5)
FNDA:1,(anonymous_6)
DA:1,1
DA:6,1
DA:19,1
DA:21,1
DA:23,9
DA:24,9
DA:25,8
DA:31,1
DA:32,2
DA:33,2
DA:36,1
DA:37,2
DA:38,2
DA:43,1
DA:44,2
DA:45,2
DA:48,1
DA:49,1
DA:50,1
DA:54,1
DA:55,8
DA:58,1
DA:60,1
DA:62,1
DA:63,1
DA:65,0
LF:26
LH:25
BRDA:62,0,0,1
BRDA:62,0,1,0
BRF:2
BRH:1
end_of_record
